Using pre-set license
Built from '2021.3/staging' branch; Version is '2021.3.10f1 (1c7d0df0160b) revision 1867021'; Using compiler version '192829333'; Build Type 'Release'
OS: 'Windows 10  (10.0.19044) 64bit Core' Language: 'es' Physical Memory: 8090 MB
BatchMode: 1, IsHumanControllingUs: 0, StartBugReporterOnCrash: 0, Is64bit: 1, IsPro: 1

COMMAND LINE ARGUMENTS:
D:\Unity\2021.3.10f1\Editor\Unity.exe
-adb2
-batchMode
-noUpm
-name
AssetImportWorker11
-projectPath
D:/000Uni/Cuarto/Web y social/github/GalaxyTrotter
-logFile
Logs/AssetImportWorker11.log
-srvPort
63691
Successfully changed project path to: D:/000Uni/Cuarto/Web y social/github/GalaxyTrotter
D:/000Uni/Cuarto/Web y social/github/GalaxyTrotter
[UnityMemory] Configuration Parameters - Can be set up in boot.config
    "memorysetup-bucket-allocator-granularity=16"
    "memorysetup-bucket-allocator-bucket-count=8"
    "memorysetup-bucket-allocator-block-size=33554432"
    "memorysetup-bucket-allocator-block-count=8"
    "memorysetup-main-allocator-block-size=16777216"
    "memorysetup-thread-allocator-block-size=16777216"
    "memorysetup-gfx-main-allocator-block-size=16777216"
    "memorysetup-gfx-thread-allocator-block-size=16777216"
    "memorysetup-cache-allocator-block-size=4194304"
    "memorysetup-typetree-allocator-block-size=2097152"
    "memorysetup-profiler-bucket-allocator-granularity=16"
    "memorysetup-profiler-bucket-allocator-bucket-count=8"
    "memorysetup-profiler-bucket-allocator-block-size=33554432"
    "memorysetup-profiler-bucket-allocator-block-count=8"
    "memorysetup-profiler-allocator-block-size=16777216"
    "memorysetup-profiler-editor-allocator-block-size=1048576"
    "memorysetup-temp-allocator-size-main=16777216"
    "memorysetup-job-temp-allocator-block-size=2097152"
    "memorysetup-job-temp-allocator-block-size-background=1048576"
    "memorysetup-job-temp-allocator-reduction-small-platforms=262144"
    "memorysetup-temp-allocator-size-background-worker=32768"
    "memorysetup-temp-allocator-size-job-worker=262144"
    "memorysetup-temp-allocator-size-preload-manager=33554432"
    "memorysetup-temp-allocator-size-nav-mesh-worker=65536"
    "memorysetup-temp-allocator-size-audio-worker=65536"
    "memorysetup-temp-allocator-size-cloud-worker=32768"
    "memorysetup-temp-allocator-size-gi-baking-worker=262144"
    "memorysetup-temp-allocator-size-gfx=262144"
Refreshing native plugins compatible for Editor in 166.52 ms, found 4 plugins.
Preloading 0 native plugins for Editor in 0.00 ms.
Initialize engine version: 2021.3.10f1 (1c7d0df0160b)
[Subsystems] Discovering subsystems at path D:/Unity/2021.3.10f1/Editor/Data/Resources/UnitySubsystems
[Subsystems] Discovering subsystems at path D:/000Uni/Cuarto/Web y social/github/GalaxyTrotter/Assets
GfxDevice: creating device client; threaded=0; jobified=0
Direct3D:
    Version:  Direct3D 11.0 [level 11.0]
    Renderer: NVIDIA GeForce GTX 960M (ID=0x139b)
    Vendor:   NVIDIA
    VRAM:     2010 MB
    Driver:   30.0.14.7141
Initialize mono
Mono path[0] = 'D:/Unity/2021.3.10f1/Editor/Data/Managed'
Mono path[1] = 'D:/Unity/2021.3.10f1/Editor/Data/MonoBleedingEdge/lib/mono/unityjit-win32'
Mono config path = 'D:/Unity/2021.3.10f1/Editor/Data/MonoBleedingEdge/etc'
Using monoOptions --debugger-agent=transport=dt_socket,embedding=1,server=y,suspend=n,address=127.0.0.1:56524
Begin MonoManager ReloadAssembly
Registering precompiled unity dll's ...
Register platform support module: D:/Unity/2021.3.10f1/Editor/Data/PlaybackEngines/WebGLSupport/UnityEditor.WebGL.Extensions.dll
Register platform support module: D:/Unity/2021.3.10f1/Editor/Data/PlaybackEngines/WindowsStandaloneSupport/UnityEditor.WindowsStandalone.Extensions.dll
Registered in 0.005610 seconds.
Native extension for WindowsStandalone target not found
Native extension for WebGL target not found
Refreshing native plugins compatible for Editor in 164.66 ms, found 4 plugins.
Preloading 0 native plugins for Editor in 0.00 ms.
Mono: successfully reloaded assembly
- Completed reload, in  1.128 seconds
Domain Reload Profiling:
	ReloadAssembly (1129ms)
		BeginReloadAssembly (151ms)
			ExecutionOrderSort (0ms)
			DisableScriptedObjects (0ms)
			BackupInstance (0ms)
			ReleaseScriptingObjects (0ms)
			CreateAndSetChildDomain (2ms)
		EndReloadAssembly (815ms)
			LoadAssemblies (150ms)
			RebuildTransferFunctionScriptingTraits (0ms)
			SetupTypeCache (180ms)
			ReleaseScriptCaches (0ms)
			RebuildScriptCaches (47ms)
			SetupLoadedEditorAssemblies (518ms)
				LogAssemblyErrors (0ms)
				InitializePlatformSupportModulesInManaged (10ms)
				SetLoadedEditorAssemblies (0ms)
				RefreshPlugins (165ms)
				BeforeProcessingInitializeOnLoad (2ms)
				ProcessInitializeOnLoadAttributes (264ms)
				ProcessInitializeOnLoadMethodAttributes (77ms)
				AfterProcessingInitializeOnLoad (0ms)
				EditorAssembliesLoaded (0ms)
			ExecutionOrderSort2 (0ms)
			AwakeInstancesAfterBackupRestoration (0ms)
Platform modules already initialized, skipping
Registering precompiled user dll's ...
Registered in 0.018294 seconds.
Begin MonoManager ReloadAssembly
Symbol file LoadedFromMemory doesn't match image D:\000Uni\Cuarto\Web y social\github\GalaxyTrotter\Library\PackageCache\com.unity.visualscripting@1.7.8\Editor\VisualScripting.Core\Dependencies\YamlDotNet\Unity.VisualScripting.YamlDotNet.dll
Symbol file LoadedFromMemory doesn't match image D:\000Uni\Cuarto\Web y social\github\GalaxyTrotter\Library\PackageCache\com.unity.visualscripting@1.7.8\Editor\VisualScripting.Core\Dependencies\DotNetZip\Unity.VisualScripting.IonicZip.dll
Native extension for WindowsStandalone target not found
Native extension for WebGL target not found
Refreshing native plugins compatible for Editor in 160.31 ms, found 4 plugins.
Preloading 0 native plugins for Editor in 0.00 ms.
Mono: successfully reloaded assembly
- Completed reload, in  1.934 seconds
Domain Reload Profiling:
	ReloadAssembly (1936ms)
		BeginReloadAssembly (195ms)
			ExecutionOrderSort (0ms)
			DisableScriptedObjects (8ms)
			BackupInstance (0ms)
			ReleaseScriptingObjects (0ms)
			CreateAndSetChildDomain (24ms)
		EndReloadAssembly (1576ms)
			LoadAssemblies (191ms)
			RebuildTransferFunctionScriptingTraits (0ms)
			SetupTypeCache (450ms)
			ReleaseScriptCaches (1ms)
			RebuildScriptCaches (95ms)
			SetupLoadedEditorAssemblies (792ms)
				LogAssemblyErrors (0ms)
				InitializePlatformSupportModulesInManaged (7ms)
				SetLoadedEditorAssemblies (0ms)
				RefreshPlugins (160ms)
				BeforeProcessingInitializeOnLoad (158ms)
				ProcessInitializeOnLoadAttributes (389ms)
				ProcessInitializeOnLoadMethodAttributes (72ms)
				AfterProcessingInitializeOnLoad (4ms)
				EditorAssembliesLoaded (0ms)
			ExecutionOrderSort2 (0ms)
			AwakeInstancesAfterBackupRestoration (11ms)
Platform modules already initialized, skipping
========================================================================
Worker process is ready to serve import requests
Launched and connected shader compiler UnityShaderCompiler.exe after 0.09 seconds
Refreshing native plugins compatible for Editor in 0.85 ms, found 4 plugins.
Preloading 0 native plugins for Editor in 0.00 ms.
Unloading 4250 Unused Serialized files (Serialized files now loaded: 0)
Unloading 39 unused Assets / (56.8 KB). Loaded Objects now: 4709.
Memory consumption went from 160.7 MB to 160.7 MB.
Total: 4.300700 ms (FindLiveObjects: 0.415400 ms CreateObjectMapping: 0.395800 ms MarkObjects: 3.385200 ms  DeleteObjects: 0.102900 ms)

AssetImportParameters requested are different than current active one (requested -> active):
  custom:video-decoder-ogg-theora: a1e56fd34408186e4bbccfd4996cb3dc -> 
  custom:container-muxer-webm: aa71ff27fc2769a1b78a27578f13a17b -> 
  custom:container-demuxer-webm: 4f35f7cbe854078d1ac9338744f61a02 -> 
  custom:video-encoder-webm-vp8: eb34c28f22e8b96e1ab97ce403110664 -> 
  custom:video-codec-MediaFoundation-h265: 746d11721c4dcdbdad8f713fa42b33f4 -> 
  custom:audio-encoder-webm-vorbis: bf7c407c2cedff20999df2af8eb42d56 -> 
  custom:framework-win-MediaFoundation: 216162199b28c13a410421893ffa2e32 -> 
  custom:container-demuxer-ogg: 62fdf1f143b41e24485cea50d1cbac27 -> 
  custom:video-decoder-webm-vp8: 9c59270c3fd7afecdb556c50c9e8de78 -> 
  custom:audio-decoder-ogg-vorbis: bf7c407c2cedff20999df2af8eb42d56 -> 
========================================================================
Received Import Request.
  Time since last request: 314909.246383 seconds.
  path: Assets/Prefabs/Clients/Dia5/C.4.1.prefab
  artifactKey: Guid(fab9bd0ae8809dc418cc39d95ddc1f88) Importer(815301076,1909f56bfc062723c751e8b465ee728b)
Start importing Assets/Prefabs/Clients/Dia5/C.4.1.prefab using Guid(fab9bd0ae8809dc418cc39d95ddc1f88) Importer(815301076,1909f56bfc062723c751e8b465ee728b)  -> (artifact id: 'f4841783d3ecf4814a98b58ed0106e1b') in 0.217051 seconds 
========================================================================
Received Import Request.
  Time since last request: 19.456126 seconds.
  path: Assets/Prefabs/Clients/Dia5/C.4.2.prefab
  artifactKey: Guid(960d2b9b14d929d42b54d961e555c768) Importer(815301076,1909f56bfc062723c751e8b465ee728b)
Start importing Assets/Prefabs/Clients/Dia5/C.4.2.prefab using Guid(960d2b9b14d929d42b54d961e555c768) Importer(815301076,1909f56bfc062723c751e8b465ee728b)  -> (artifact id: '0a37dd3f3344adf88bba3be28989cb2a') in 0.023010 seconds 
========================================================================
Received Import Request.
  Time since last request: 22.646061 seconds.
  path: Assets/Prefabs/Clients/Dia5/C.4.3.prefab
  artifactKey: Guid(092ab92973c712e44998498bbd7047c4) Importer(815301076,1909f56bfc062723c751e8b465ee728b)
Start importing Assets/Prefabs/Clients/Dia5/C.4.3.prefab using Guid(092ab92973c712e44998498bbd7047c4) Importer(815301076,1909f56bfc062723c751e8b465ee728b)  -> (artifact id: '2971e24cca98e94ab814cfea42a8c28f') in 0.018277 seconds 
========================================================================
Received Import Request.
  Time since last request: 57.824327 seconds.
  path: Assets/Prefabs/Clients/Dia5/C.4.5.prefab
  artifactKey: Guid(08297c7328d3ab146b2471bf566b0c12) Importer(815301076,1909f56bfc062723c751e8b465ee728b)
Start importing Assets/Prefabs/Clients/Dia5/C.4.5.prefab using Guid(08297c7328d3ab146b2471bf566b0c12) Importer(815301076,1909f56bfc062723c751e8b465ee728b)  -> (artifact id: '186f29c357a6a10905f49fbd0bd082f9') in 0.017423 seconds 
========================================================================
Received Import Request.
  Time since last request: 25.834253 seconds.
  path: Assets/Prefabs/Clients/Dia5/C.4.6.prefab
  artifactKey: Guid(d2d3d06c0c24f354d9dce7477aaa6d01) Importer(815301076,1909f56bfc062723c751e8b465ee728b)
Start importing Assets/Prefabs/Clients/Dia5/C.4.6.prefab using Guid(d2d3d06c0c24f354d9dce7477aaa6d01) Importer(815301076,1909f56bfc062723c751e8b465ee728b)  -> (artifact id: '2c495f25d6c79f57a1682d1fb78e2a42') in 0.016767 seconds 
========================================================================
Received Import Request.
  Time since last request: 10.017010 seconds.
  path: Assets/Prefabs/Clients/Dia6/C.5.0.prefab
  artifactKey: Guid(ed9192d15dd3b214e92c4020976fa7e9) Importer(815301076,1909f56bfc062723c751e8b465ee728b)
Start importing Assets/Prefabs/Clients/Dia6/C.5.0.prefab using Guid(ed9192d15dd3b214e92c4020976fa7e9) Importer(815301076,1909f56bfc062723c751e8b465ee728b)  -> (artifact id: 'a52eaa81cbb74dfe47f6fc6b6f982e0c') in 0.114681 seconds 
========================================================================
Received Import Request.
  Time since last request: 0.001244 seconds.
  path: Assets/Prefabs/Clients/Dia6/C.5.3.prefab
  artifactKey: Guid(2db161531b2029b408c7229666c9fe3e) Importer(815301076,1909f56bfc062723c751e8b465ee728b)
Start importing Assets/Prefabs/Clients/Dia6/C.5.3.prefab using Guid(2db161531b2029b408c7229666c9fe3e) Importer(815301076,1909f56bfc062723c751e8b465ee728b)  -> (artifact id: '5bb513c32528ffccfc23834693ba0b0e') in 0.030415 seconds 
========================================================================
Received Import Request.
  Time since last request: 0.000037 seconds.
  path: Assets/Prefabs/Clients/Dia6/C.5.5.prefab
  artifactKey: Guid(4c94555341692e8458d1c184bea2d033) Importer(815301076,1909f56bfc062723c751e8b465ee728b)
Start importing Assets/Prefabs/Clients/Dia6/C.5.5.prefab using Guid(4c94555341692e8458d1c184bea2d033) Importer(815301076,1909f56bfc062723c751e8b465ee728b)  -> (artifact id: '2f13c6d5ead2b16b59226dba1e445138') in 0.021759 seconds 
========================================================================
Received Import Request.
  Time since last request: 0.000023 seconds.
  path: Assets/Prefabs/Clients/Dia6/C.5.7.prefab
  artifactKey: Guid(de78ca54cf2c93041ba40402764f8f4e) Importer(815301076,1909f56bfc062723c751e8b465ee728b)
Start importing Assets/Prefabs/Clients/Dia6/C.5.7.prefab using Guid(de78ca54cf2c93041ba40402764f8f4e) Importer(815301076,1909f56bfc062723c751e8b465ee728b)  -> (artifact id: 'cf0f5d216fc26ccef2988ae611bb6216') in 0.044701 seconds 
========================================================================
Received Import Request.
  Time since last request: 25.142984 seconds.
  path: Assets/Prefabs/Clients/Dia6/C.5.1.prefab
  artifactKey: Guid(0c962b54916acd04abdcde59b5a6c862) Importer(815301076,1909f56bfc062723c751e8b465ee728b)
Start importing Assets/Prefabs/Clients/Dia6/C.5.1.prefab using Guid(0c962b54916acd04abdcde59b5a6c862) Importer(815301076,1909f56bfc062723c751e8b465ee728b)  -> (artifact id: 'df3383a703d71d90b01220602b9d5575') in 0.043772 seconds 
========================================================================
Received Import Request.
  Time since last request: 42.400182 seconds.
  path: Assets/Prefabs/Clients/Dia6/C.5.2.prefab
  artifactKey: Guid(2d53e8b0156c5fb49b8db151d84b8f9d) Importer(815301076,1909f56bfc062723c751e8b465ee728b)
Start importing Assets/Prefabs/Clients/Dia6/C.5.2.prefab using Guid(2d53e8b0156c5fb49b8db151d84b8f9d) Importer(815301076,1909f56bfc062723c751e8b465ee728b)  -> (artifact id: '32368a3a3bd2f813604951fe0380b849') in 0.017165 seconds 
========================================================================
Received Import Request.
  Time since last request: 59.016404 seconds.
  path: Assets/Prefabs/Clients/Dia6/C.5.3.prefab
  artifactKey: Guid(2db161531b2029b408c7229666c9fe3e) Importer(815301076,1909f56bfc062723c751e8b465ee728b)
Start importing Assets/Prefabs/Clients/Dia6/C.5.3.prefab using Guid(2db161531b2029b408c7229666c9fe3e) Importer(815301076,1909f56bfc062723c751e8b465ee728b)  -> (artifact id: 'f5507e7e852dd7da3a2a2fe52c879244') in 0.018480 seconds 
========================================================================
Received Import Request.
  Time since last request: 20.548471 seconds.
  path: Assets/Prefabs/Clients/Dia6/C.5.4.prefab
  artifactKey: Guid(b679d51876d97554b840cc64caceb7ff) Importer(815301076,1909f56bfc062723c751e8b465ee728b)
Start importing Assets/Prefabs/Clients/Dia6/C.5.4.prefab using Guid(b679d51876d97554b840cc64caceb7ff) Importer(815301076,1909f56bfc062723c751e8b465ee728b)  -> (artifact id: '878954fee921e4c0f6d48423bc931100') in 0.015989 seconds 
========================================================================
Received Import Request.
  Time since last request: 31.256941 seconds.
  path: Assets/Prefabs/Clients/Dia6/C.5.6.prefab
  artifactKey: Guid(c4d98fdde98d0524ca8f263a8958dcb4) Importer(815301076,1909f56bfc062723c751e8b465ee728b)
Start importing Assets/Prefabs/Clients/Dia6/C.5.6.prefab using Guid(c4d98fdde98d0524ca8f263a8958dcb4) Importer(815301076,1909f56bfc062723c751e8b465ee728b)  -> (artifact id: '90f2ed194c16b74e5ccc331d0fbf80eb') in 0.044195 seconds 
========================================================================
Received Import Request.
  Time since last request: 3.870485 seconds.
  path: Assets/Prefabs/Clients/Dia8/C.7.0.prefab
  artifactKey: Guid(fdd1b840bfba41f4e8182292af500cb0) Importer(815301076,1909f56bfc062723c751e8b465ee728b)
Start importing Assets/Prefabs/Clients/Dia8/C.7.0.prefab using Guid(fdd1b840bfba41f4e8182292af500cb0) Importer(815301076,1909f56bfc062723c751e8b465ee728b)  -> (artifact id: '8f7071dddae84fff6698e8bac7c2a036') in 0.064390 seconds 
========================================================================
Received Import Request.
  Time since last request: 0.000025 seconds.
  path: Assets/Prefabs/Clients/Dia8/C.7.2.prefab
  artifactKey: Guid(acb312831698a5647bcb646b8ff468a2) Importer(815301076,1909f56bfc062723c751e8b465ee728b)
Start importing Assets/Prefabs/Clients/Dia8/C.7.2.prefab using Guid(acb312831698a5647bcb646b8ff468a2) Importer(815301076,1909f56bfc062723c751e8b465ee728b)  -> (artifact id: '48ce43a962f7432e0d2be4afaf328011') in 0.037343 seconds 
========================================================================
Received Import Request.
  Time since last request: 0.000044 seconds.
  path: Assets/Prefabs/Clients/Dia8/C.7.4.1.prefab
  artifactKey: Guid(ba16ceeb4d1ae0a4f9424122e57528ac) Importer(815301076,1909f56bfc062723c751e8b465ee728b)
Start importing Assets/Prefabs/Clients/Dia8/C.7.4.1.prefab using Guid(ba16ceeb4d1ae0a4f9424122e57528ac) Importer(815301076,1909f56bfc062723c751e8b465ee728b)  -> (artifact id: 'ff9c4c3192439fd08402bfd17bbcf8fd') in 0.059470 seconds 
========================================================================
Received Import Request.
  Time since last request: 0.000034 seconds.
  path: Assets/Prefabs/Clients/Dia8/C.7.5.prefab
  artifactKey: Guid(67abe360e061f4f499d3028cfc6d671a) Importer(815301076,1909f56bfc062723c751e8b465ee728b)
Start importing Assets/Prefabs/Clients/Dia8/C.7.5.prefab using Guid(67abe360e061f4f499d3028cfc6d671a) Importer(815301076,1909f56bfc062723c751e8b465ee728b)  -> (artifact id: 'bbb7221635a9d22a44e9a9decbea60d8') in 0.024456 seconds 
========================================================================
Received Import Request.
  Time since last request: 0.000038 seconds.
  path: Assets/Prefabs/Clients/Dia8/C.7.3.prefab
  artifactKey: Guid(a63cac53c59a56442b67086df0723df0) Importer(815301076,1909f56bfc062723c751e8b465ee728b)
Start importing Assets/Prefabs/Clients/Dia8/C.7.3.prefab using Guid(a63cac53c59a56442b67086df0723df0) Importer(815301076,1909f56bfc062723c751e8b465ee728b)  -> (artifact id: '4aae65b771d46721b1015242ceb033bf') in 0.039106 seconds 
========================================================================
Received Import Request.
  Time since last request: 0.000034 seconds.
  path: Assets/Prefabs/Clients/Dia8/C.7.4.0.prefab
  artifactKey: Guid(d5ce9482faf883b4f90280d37ad1d319) Importer(815301076,1909f56bfc062723c751e8b465ee728b)
Start importing Assets/Prefabs/Clients/Dia8/C.7.4.0.prefab using Guid(d5ce9482faf883b4f90280d37ad1d319) Importer(815301076,1909f56bfc062723c751e8b465ee728b)  -> (artifact id: 'fd6128655d533fb722d0e3dd2246b22f') in 0.021599 seconds 
========================================================================
Received Import Request.
  Time since last request: 0.161438 seconds.
  path: Assets/Prefabs/Clients/Dia7/C.6.0.0.prefab
  artifactKey: Guid(a029670b4d7845b43936817562da9a9f) Importer(815301076,1909f56bfc062723c751e8b465ee728b)
Start importing Assets/Prefabs/Clients/Dia7/C.6.0.0.prefab using Guid(a029670b4d7845b43936817562da9a9f) Importer(815301076,1909f56bfc062723c751e8b465ee728b)  -> (artifact id: '1bfd7cb4024fb7cb7f5f695be9af0004') in 0.042077 seconds 
========================================================================
Received Import Request.
  Time since last request: 0.000024 seconds.
  path: Assets/Prefabs/Clients/Dia7/C.6.0.2.prefab
  artifactKey: Guid(a3499720a24a34d4bbae36ff054bc00e) Importer(815301076,1909f56bfc062723c751e8b465ee728b)
Start importing Assets/Prefabs/Clients/Dia7/C.6.0.2.prefab using Guid(a3499720a24a34d4bbae36ff054bc00e) Importer(815301076,1909f56bfc062723c751e8b465ee728b)  -> (artifact id: 'c062d62d87084eee64bbfefcdda1acfd') in 0.069756 seconds 
========================================================================
Received Import Request.
  Time since last request: 0.000033 seconds.
  path: Assets/Prefabs/Clients/Dia7/C.6.1.prefab
  artifactKey: Guid(ff9fa65876aaebd428a2cd3e39e1f197) Importer(815301076,1909f56bfc062723c751e8b465ee728b)
Start importing Assets/Prefabs/Clients/Dia7/C.6.1.prefab using Guid(ff9fa65876aaebd428a2cd3e39e1f197) Importer(815301076,1909f56bfc062723c751e8b465ee728b)  -> (artifact id: '0f6a250f2638319d2c0618b198e93e1e') in 0.020956 seconds 
========================================================================
Received Import Request.
  Time since last request: 0.000030 seconds.
  path: Assets/Prefabs/Clients/Dia7/C.6.4.prefab
  artifactKey: Guid(772c4dc603d299e468e6f4e027e90ed2) Importer(815301076,1909f56bfc062723c751e8b465ee728b)
Start importing Assets/Prefabs/Clients/Dia7/C.6.4.prefab using Guid(772c4dc603d299e468e6f4e027e90ed2) Importer(815301076,1909f56bfc062723c751e8b465ee728b)  -> (artifact id: '7d7e1c48dc0e8950b16d8f15c27a443f') in 0.059050 seconds 
========================================================================
Received Import Request.
  Time since last request: 0.000021 seconds.
  path: Assets/Prefabs/Clients/Dia7/C.6.6.prefab
  artifactKey: Guid(cf8c4a6a972fa9642a7642dcc4c8284b) Importer(815301076,1909f56bfc062723c751e8b465ee728b)
Start importing Assets/Prefabs/Clients/Dia7/C.6.6.prefab using Guid(cf8c4a6a972fa9642a7642dcc4c8284b) Importer(815301076,1909f56bfc062723c751e8b465ee728b)  -> (artifact id: '64e9a5cf7a4c1577a50d29b1b435da6e') in 0.021299 seconds 
Editor requested this worker to shutdown with reason: Scaling down because of idle timeout
AssetImportWorker is now disconnected from the server
Process exiting
Exiting without the bug reporter. Application will terminate with return code 0