Using pre-set license
Built from '2021.3/staging' branch; Version is '2021.3.10f1 (1c7d0df0160b) revision 1867021'; Using compiler version '192829333'; Build Type 'Release'
OS: 'Windows 10  (10.0.19044) 64bit Core' Language: 'es' Physical Memory: 8090 MB
BatchMode: 1, IsHumanControllingUs: 0, StartBugReporterOnCrash: 0, Is64bit: 1, IsPro: 1

COMMAND LINE ARGUMENTS:
D:\Unity\2021.3.10f1\Editor\Unity.exe
-adb2
-batchMode
-noUpm
-name
AssetImportWorker7
-projectPath
D:/000Uni/Cuarto/Web y social/github/GalaxyTrotter
-logFile
Logs/AssetImportWorker7.log
-srvPort
63691
Successfully changed project path to: D:/000Uni/Cuarto/Web y social/github/GalaxyTrotter
D:/000Uni/Cuarto/Web y social/github/GalaxyTrotter
[UnityMemory] Configuration Parameters - Can be set up in boot.config
    "memorysetup-bucket-allocator-granularity=16"
    "memorysetup-bucket-allocator-bucket-count=8"
    "memorysetup-bucket-allocator-block-size=33554432"
    "memorysetup-bucket-allocator-block-count=8"
    "memorysetup-main-allocator-block-size=16777216"
    "memorysetup-thread-allocator-block-size=16777216"
    "memorysetup-gfx-main-allocator-block-size=16777216"
    "memorysetup-gfx-thread-allocator-block-size=16777216"
    "memorysetup-cache-allocator-block-size=4194304"
    "memorysetup-typetree-allocator-block-size=2097152"
    "memorysetup-profiler-bucket-allocator-granularity=16"
    "memorysetup-profiler-bucket-allocator-bucket-count=8"
    "memorysetup-profiler-bucket-allocator-block-size=33554432"
    "memorysetup-profiler-bucket-allocator-block-count=8"
    "memorysetup-profiler-allocator-block-size=16777216"
    "memorysetup-profiler-editor-allocator-block-size=1048576"
    "memorysetup-temp-allocator-size-main=16777216"
    "memorysetup-job-temp-allocator-block-size=2097152"
    "memorysetup-job-temp-allocator-block-size-background=1048576"
    "memorysetup-job-temp-allocator-reduction-small-platforms=262144"
    "memorysetup-temp-allocator-size-background-worker=32768"
    "memorysetup-temp-allocator-size-job-worker=262144"
    "memorysetup-temp-allocator-size-preload-manager=33554432"
    "memorysetup-temp-allocator-size-nav-mesh-worker=65536"
    "memorysetup-temp-allocator-size-audio-worker=65536"
    "memorysetup-temp-allocator-size-cloud-worker=32768"
    "memorysetup-temp-allocator-size-gi-baking-worker=262144"
    "memorysetup-temp-allocator-size-gfx=262144"
Refreshing native plugins compatible for Editor in 177.53 ms, found 4 plugins.
Preloading 0 native plugins for Editor in 0.00 ms.
Initialize engine version: 2021.3.10f1 (1c7d0df0160b)
[Subsystems] Discovering subsystems at path D:/Unity/2021.3.10f1/Editor/Data/Resources/UnitySubsystems
[Subsystems] Discovering subsystems at path D:/000Uni/Cuarto/Web y social/github/GalaxyTrotter/Assets
GfxDevice: creating device client; threaded=0; jobified=0
Direct3D:
    Version:  Direct3D 11.0 [level 11.0]
    Renderer: NVIDIA GeForce GTX 960M (ID=0x139b)
    Vendor:   NVIDIA
    VRAM:     2010 MB
    Driver:   30.0.14.7141
Initialize mono
Mono path[0] = 'D:/Unity/2021.3.10f1/Editor/Data/Managed'
Mono path[1] = 'D:/Unity/2021.3.10f1/Editor/Data/MonoBleedingEdge/lib/mono/unityjit-win32'
Mono config path = 'D:/Unity/2021.3.10f1/Editor/Data/MonoBleedingEdge/etc'
Using monoOptions --debugger-agent=transport=dt_socket,embedding=1,server=y,suspend=n,address=127.0.0.1:56196
Begin MonoManager ReloadAssembly
Registering precompiled unity dll's ...
Register platform support module: D:/Unity/2021.3.10f1/Editor/Data/PlaybackEngines/WebGLSupport/UnityEditor.WebGL.Extensions.dll
Register platform support module: D:/Unity/2021.3.10f1/Editor/Data/PlaybackEngines/WindowsStandaloneSupport/UnityEditor.WindowsStandalone.Extensions.dll
Registered in 0.005372 seconds.
Native extension for WindowsStandalone target not found
Native extension for WebGL target not found
Refreshing native plugins compatible for Editor in 146.28 ms, found 4 plugins.
Preloading 0 native plugins for Editor in 0.00 ms.
Mono: successfully reloaded assembly
- Completed reload, in  1.006 seconds
Domain Reload Profiling:
	ReloadAssembly (1006ms)
		BeginReloadAssembly (140ms)
			ExecutionOrderSort (0ms)
			DisableScriptedObjects (0ms)
			BackupInstance (0ms)
			ReleaseScriptingObjects (0ms)
			CreateAndSetChildDomain (1ms)
		EndReloadAssembly (714ms)
			LoadAssemblies (141ms)
			RebuildTransferFunctionScriptingTraits (0ms)
			SetupTypeCache (151ms)
			ReleaseScriptCaches (0ms)
			RebuildScriptCaches (46ms)
			SetupLoadedEditorAssemblies (446ms)
				LogAssemblyErrors (0ms)
				InitializePlatformSupportModulesInManaged (11ms)
				SetLoadedEditorAssemblies (0ms)
				RefreshPlugins (146ms)
				BeforeProcessingInitializeOnLoad (1ms)
				ProcessInitializeOnLoadAttributes (221ms)
				ProcessInitializeOnLoadMethodAttributes (65ms)
				AfterProcessingInitializeOnLoad (0ms)
				EditorAssembliesLoaded (0ms)
			ExecutionOrderSort2 (0ms)
			AwakeInstancesAfterBackupRestoration (0ms)
Platform modules already initialized, skipping
Registering precompiled user dll's ...
Registered in 0.018501 seconds.
Begin MonoManager ReloadAssembly
Symbol file LoadedFromMemory doesn't match image D:\000Uni\Cuarto\Web y social\github\GalaxyTrotter\Library\PackageCache\com.unity.visualscripting@1.7.8\Editor\VisualScripting.Core\Dependencies\YamlDotNet\Unity.VisualScripting.YamlDotNet.dll
Symbol file LoadedFromMemory doesn't match image D:\000Uni\Cuarto\Web y social\github\GalaxyTrotter\Library\PackageCache\com.unity.visualscripting@1.7.8\Editor\VisualScripting.Core\Dependencies\DotNetZip\Unity.VisualScripting.IonicZip.dll
Native extension for WindowsStandalone target not found
Native extension for WebGL target not found
Refreshing native plugins compatible for Editor in 149.58 ms, found 4 plugins.
Preloading 0 native plugins for Editor in 0.00 ms.
Mono: successfully reloaded assembly
- Completed reload, in  1.829 seconds
Domain Reload Profiling:
	ReloadAssembly (1830ms)
		BeginReloadAssembly (188ms)
			ExecutionOrderSort (0ms)
			DisableScriptedObjects (9ms)
			BackupInstance (0ms)
			ReleaseScriptingObjects (0ms)
			CreateAndSetChildDomain (25ms)
		EndReloadAssembly (1477ms)
			LoadAssemblies (191ms)
			RebuildTransferFunctionScriptingTraits (0ms)
			SetupTypeCache (427ms)
			ReleaseScriptCaches (1ms)
			RebuildScriptCaches (82ms)
			SetupLoadedEditorAssemblies (742ms)
				LogAssemblyErrors (0ms)
				InitializePlatformSupportModulesInManaged (7ms)
				SetLoadedEditorAssemblies (0ms)
				RefreshPlugins (150ms)
				BeforeProcessingInitializeOnLoad (146ms)
				ProcessInitializeOnLoadAttributes (374ms)
				ProcessInitializeOnLoadMethodAttributes (60ms)
				AfterProcessingInitializeOnLoad (4ms)
				EditorAssembliesLoaded (0ms)
			ExecutionOrderSort2 (0ms)
			AwakeInstancesAfterBackupRestoration (10ms)
Platform modules already initialized, skipping
========================================================================
Worker process is ready to serve import requests
Launched and connected shader compiler UnityShaderCompiler.exe after 0.11 seconds
Refreshing native plugins compatible for Editor in 0.98 ms, found 4 plugins.
Preloading 0 native plugins for Editor in 0.00 ms.
Unloading 4250 Unused Serialized files (Serialized files now loaded: 0)
Unloading 39 unused Assets / (56.8 KB). Loaded Objects now: 4709.
Memory consumption went from 160.7 MB to 160.7 MB.
Total: 5.143100 ms (FindLiveObjects: 0.383100 ms CreateObjectMapping: 0.371600 ms MarkObjects: 4.282500 ms  DeleteObjects: 0.104500 ms)

AssetImportParameters requested are different than current active one (requested -> active):
  custom:video-decoder-ogg-theora: a1e56fd34408186e4bbccfd4996cb3dc -> 
  custom:container-muxer-webm: aa71ff27fc2769a1b78a27578f13a17b -> 
  custom:container-demuxer-webm: 4f35f7cbe854078d1ac9338744f61a02 -> 
  custom:video-encoder-webm-vp8: eb34c28f22e8b96e1ab97ce403110664 -> 
  custom:video-codec-MediaFoundation-h265: 746d11721c4dcdbdad8f713fa42b33f4 -> 
  custom:audio-encoder-webm-vorbis: bf7c407c2cedff20999df2af8eb42d56 -> 
  custom:framework-win-MediaFoundation: 216162199b28c13a410421893ffa2e32 -> 
  custom:container-demuxer-ogg: 62fdf1f143b41e24485cea50d1cbac27 -> 
  custom:video-decoder-webm-vp8: 9c59270c3fd7afecdb556c50c9e8de78 -> 
  custom:audio-decoder-ogg-vorbis: bf7c407c2cedff20999df2af8eb42d56 -> 
========================================================================
Received Prepare
Registering precompiled user dll's ...
Registered in 0.019332 seconds.
Begin MonoManager ReloadAssembly
Symbol file LoadedFromMemory doesn't match image D:\000Uni\Cuarto\Web y social\github\GalaxyTrotter\Library\PackageCache\com.unity.visualscripting@1.7.8\Editor\VisualScripting.Core\Dependencies\YamlDotNet\Unity.VisualScripting.YamlDotNet.dll
Symbol file LoadedFromMemory doesn't match image D:\000Uni\Cuarto\Web y social\github\GalaxyTrotter\Library\PackageCache\com.unity.visualscripting@1.7.8\Editor\VisualScripting.Core\Dependencies\DotNetZip\Unity.VisualScripting.IonicZip.dll
Native extension for WindowsStandalone target not found
Native extension for WebGL target not found
Refreshing native plugins compatible for Editor in 1.78 ms, found 4 plugins.
Preloading 0 native plugins for Editor in 0.00 ms.
Mono: successfully reloaded assembly
- Completed reload, in  1.862 seconds
Domain Reload Profiling:
	ReloadAssembly (1862ms)
		BeginReloadAssembly (264ms)
			ExecutionOrderSort (0ms)
			DisableScriptedObjects (10ms)
			BackupInstance (0ms)
			ReleaseScriptingObjects (0ms)
			CreateAndSetChildDomain (58ms)
		EndReloadAssembly (1447ms)
			LoadAssemblies (239ms)
			RebuildTransferFunctionScriptingTraits (0ms)
			SetupTypeCache (491ms)
			ReleaseScriptCaches (2ms)
			RebuildScriptCaches (96ms)
			SetupLoadedEditorAssemblies (595ms)
				LogAssemblyErrors (0ms)
				InitializePlatformSupportModulesInManaged (26ms)
				SetLoadedEditorAssemblies (1ms)
				RefreshPlugins (2ms)
				BeforeProcessingInitializeOnLoad (134ms)
				ProcessInitializeOnLoadAttributes (367ms)
				ProcessInitializeOnLoadMethodAttributes (61ms)
				AfterProcessingInitializeOnLoad (5ms)
				EditorAssembliesLoaded (0ms)
			ExecutionOrderSort2 (0ms)
			AwakeInstancesAfterBackupRestoration (18ms)
Platform modules already initialized, skipping
Refreshing native plugins compatible for Editor in 4.26 ms, found 4 plugins.
Preloading 0 native plugins for Editor in 0.00 ms.
Unloading 4225 Unused Serialized files (Serialized files now loaded: 0)
Unloading 26 unused Assets / (24.6 KB). Loaded Objects now: 4712.
Memory consumption went from 158.6 MB to 158.6 MB.
Total: 5.105600 ms (FindLiveObjects: 0.416000 ms CreateObjectMapping: 0.597100 ms MarkObjects: 4.030100 ms  DeleteObjects: 0.060600 ms)

AssetImportParameters requested are different than current active one (requested -> active):
  custom:video-decoder-ogg-theora: a1e56fd34408186e4bbccfd4996cb3dc -> 
  custom:container-muxer-webm: aa71ff27fc2769a1b78a27578f13a17b -> 
  custom:container-demuxer-webm: 4f35f7cbe854078d1ac9338744f61a02 -> 
  custom:video-encoder-webm-vp8: eb34c28f22e8b96e1ab97ce403110664 -> 
  custom:video-codec-MediaFoundation-h265: 746d11721c4dcdbdad8f713fa42b33f4 -> 
  custom:audio-encoder-webm-vorbis: bf7c407c2cedff20999df2af8eb42d56 -> 
  custom:framework-win-MediaFoundation: 216162199b28c13a410421893ffa2e32 -> 
  custom:container-demuxer-ogg: 62fdf1f143b41e24485cea50d1cbac27 -> 
  custom:video-decoder-webm-vp8: 9c59270c3fd7afecdb556c50c9e8de78 -> 
  custom:audio-decoder-ogg-vorbis: bf7c407c2cedff20999df2af8eb42d56 -> 
========================================================================
Received Import Request.
  Time since last request: 313625.641924 seconds.
  path: Assets/Sprites/Materials/Shukas/arya 2.mat
  artifactKey: Guid(6dc7f8ad37e2b874ea19f8e9ea816b3d) Importer(815301076,1909f56bfc062723c751e8b465ee728b)
Start importing Assets/Sprites/Materials/Shukas/arya 2.mat using Guid(6dc7f8ad37e2b874ea19f8e9ea816b3d) Importer(815301076,1909f56bfc062723c751e8b465ee728b)  -> (artifact id: '77e9730f20299276b659597903154502') in 0.964363 seconds 
========================================================================
Received Import Request.
  Time since last request: 232.086663 seconds.
  path: Assets/Prefabs/Clients/Dia1/C.0.4.prefab
  artifactKey: Guid(e26926519bd4773479f321bb662f7f4a) Importer(815301076,1909f56bfc062723c751e8b465ee728b)
Start importing Assets/Prefabs/Clients/Dia1/C.0.4.prefab using Guid(e26926519bd4773479f321bb662f7f4a) Importer(815301076,1909f56bfc062723c751e8b465ee728b)  -> (artifact id: 'ea905b868183e90e67e547ac8acca276') in 0.278365 seconds 
========================================================================
Received Import Request.
  Time since last request: 161.514735 seconds.
  path: Assets/Sprites/Materials/Lacertilios/guila.mat
  artifactKey: Guid(6c068d7c115eeb147aa5acb4545e71f8) Importer(815301076,1909f56bfc062723c751e8b465ee728b)
Start importing Assets/Sprites/Materials/Lacertilios/guila.mat using Guid(6c068d7c115eeb147aa5acb4545e71f8) Importer(815301076,1909f56bfc062723c751e8b465ee728b)  -> (artifact id: '218182441c9ae7a6e351fc9f22aa8e55') in 0.484537 seconds 
========================================================================
Received Import Request.
  Time since last request: 0.000047 seconds.
  path: Assets/Sprites/Materials/Lacertilios/sergei.mat
  artifactKey: Guid(4f67c23e2c715d746bf1fd8a5a1a573e) Importer(815301076,1909f56bfc062723c751e8b465ee728b)
Start importing Assets/Sprites/Materials/Lacertilios/sergei.mat using Guid(4f67c23e2c715d746bf1fd8a5a1a573e) Importer(815301076,1909f56bfc062723c751e8b465ee728b)  -> (artifact id: '2064d99b147832935d5d5f7cbac61c33') in 0.230863 seconds 
========================================================================
Received Import Request.
  Time since last request: 0.000069 seconds.
  path: Assets/Sprites/Materials/Lacertilios/yato.mat
  artifactKey: Guid(60d53df38396f9248b234713e1003404) Importer(815301076,1909f56bfc062723c751e8b465ee728b)
Start importing Assets/Sprites/Materials/Lacertilios/yato.mat using Guid(60d53df38396f9248b234713e1003404) Importer(815301076,1909f56bfc062723c751e8b465ee728b)  -> (artifact id: 'bdfb321f1184955d96a62c17a174f819') in 0.150630 seconds 
========================================================================
Received Import Request.
  Time since last request: 381.431096 seconds.
  path: Assets/Sprites/Materials/Otros/contrabandista.png
  artifactKey: Guid(b0398b5ca57ac3f438083d95d5209c89) Importer(815301076,1909f56bfc062723c751e8b465ee728b)
Start importing Assets/Sprites/Materials/Otros/contrabandista.png using Guid(b0398b5ca57ac3f438083d95d5209c89) Importer(815301076,1909f56bfc062723c751e8b465ee728b)  -> (artifact id: 'd8643547c13f499460b8d6f52e530276') in 0.149124 seconds 
========================================================================
Received Import Request.
  Time since last request: 63.552713 seconds.
  path: Assets/Prefabs/Clients/Dia2/C.1.1.prefab
  artifactKey: Guid(a7b18be8070c60545be2c942075531fe) Importer(815301076,1909f56bfc062723c751e8b465ee728b)
Start importing Assets/Prefabs/Clients/Dia2/C.1.1.prefab using Guid(a7b18be8070c60545be2c942075531fe) Importer(815301076,1909f56bfc062723c751e8b465ee728b)  -> (artifact id: '16f99c828854bb2ffd6c864e8189fca9') in 0.221425 seconds 
========================================================================
Received Import Request.
  Time since last request: 44.132933 seconds.
  path: Assets/Prefabs/Clients/Dia3/C.2.1.prefab
  artifactKey: Guid(3a49329d96ffdf04592f1b804f30086c) Importer(815301076,1909f56bfc062723c751e8b465ee728b)
Start importing Assets/Prefabs/Clients/Dia3/C.2.1.prefab using Guid(3a49329d96ffdf04592f1b804f30086c) Importer(815301076,1909f56bfc062723c751e8b465ee728b)  -> (artifact id: '0637daeb1d7368b230e340633a86c407') in 0.072298 seconds 
========================================================================
Received Import Request.
  Time since last request: 0.000074 seconds.
  path: Assets/Prefabs/Clients/Dia3/C.2.2.prefab
  artifactKey: Guid(3c661ca6c2668064d9494843f91c5020) Importer(815301076,1909f56bfc062723c751e8b465ee728b)
Start importing Assets/Prefabs/Clients/Dia3/C.2.2.prefab using Guid(3c661ca6c2668064d9494843f91c5020) Importer(815301076,1909f56bfc062723c751e8b465ee728b)  -> (artifact id: 'a58eea56a845818c8ffb4a10e985c2f3') in 0.025736 seconds 
========================================================================
Received Import Request.
  Time since last request: 0.000047 seconds.
  path: Assets/Prefabs/Clients/Dia3/C.2.6.prefab
  artifactKey: Guid(84cc56fef12b5674ab000512783e2675) Importer(815301076,1909f56bfc062723c751e8b465ee728b)
Start importing Assets/Prefabs/Clients/Dia3/C.2.6.prefab using Guid(84cc56fef12b5674ab000512783e2675) Importer(815301076,1909f56bfc062723c751e8b465ee728b)  -> (artifact id: 'b65c840aa79a37cdad837b3ea91edc3f') in 0.045107 seconds 
========================================================================
Received Import Request.
  Time since last request: 0.000028 seconds.
  path: Assets/Prefabs/Clients/Dia3/C.2.5.prefab
  artifactKey: Guid(362b0b101c5c24f449312b57d1ac7764) Importer(815301076,1909f56bfc062723c751e8b465ee728b)
Start importing Assets/Prefabs/Clients/Dia3/C.2.5.prefab using Guid(362b0b101c5c24f449312b57d1ac7764) Importer(815301076,1909f56bfc062723c751e8b465ee728b)  -> (artifact id: 'ddbc018f2d42cebac4a04ee44199b74b') in 0.026452 seconds 
========================================================================
Received Import Request.
  Time since last request: 59.532281 seconds.
  path: Assets/Sprites/Materials/Shukas/chiki.mat
  artifactKey: Guid(18ef8942196f54345acb767bfa262793) Importer(815301076,1909f56bfc062723c751e8b465ee728b)
Start importing Assets/Sprites/Materials/Shukas/chiki.mat using Guid(18ef8942196f54345acb767bfa262793) Importer(815301076,1909f56bfc062723c751e8b465ee728b)  -> (artifact id: 'f3e34d7fb9abbd238b0daf7f96871a1a') in 0.225078 seconds 
========================================================================
Received Import Request.
  Time since last request: 0.000033 seconds.
  path: Assets/Sprites/Materials/Shukas/jeremy.mat
  artifactKey: Guid(6dc7f8ad37e2b874ea19f8e9ea816b3d) Importer(815301076,1909f56bfc062723c751e8b465ee728b)
Start importing Assets/Sprites/Materials/Shukas/jeremy.mat using Guid(6dc7f8ad37e2b874ea19f8e9ea816b3d) Importer(815301076,1909f56bfc062723c751e8b465ee728b)  -> (artifact id: '7b4aefdbbe3879c84cf0f810961ef5e2') in 0.023899 seconds 
========================================================================
Received Import Request.
  Time since last request: 0.000059 seconds.
  path: Assets/Sprites/Materials/Shukas/melly.mat
  artifactKey: Guid(d2cb9d062e0850841a8f6808b23b2254) Importer(815301076,1909f56bfc062723c751e8b465ee728b)
Start importing Assets/Sprites/Materials/Shukas/melly.mat using Guid(d2cb9d062e0850841a8f6808b23b2254) Importer(815301076,1909f56bfc062723c751e8b465ee728b)  -> (artifact id: 'fa6c2e272ad040539e27e5da01f1ff4c') in 0.245310 seconds 
Editor requested this worker to shutdown with reason: Scaling down because of idle timeout
AssetImportWorker is now disconnected from the server
Process exiting
Exiting without the bug reporter. Application will terminate with return code 0