Using pre-set license
Built from '2021.3/staging' branch; Version is '2021.3.10f1 (1c7d0df0160b) revision 1867021'; Using compiler version '192829333'; Build Type 'Release'
OS: 'Windows 10  (10.0.19044) 64bit Core' Language: 'es' Physical Memory: 8090 MB
BatchMode: 1, IsHumanControllingUs: 0, StartBugReporterOnCrash: 0, Is64bit: 1, IsPro: 1

COMMAND LINE ARGUMENTS:
D:\Unity\2021.3.10f1\Editor\Unity.exe
-adb2
-batchMode
-noUpm
-name
AssetImportWorker12
-projectPath
D:/000Uni/Cuarto/Web y social/github/GalaxyTrotter
-logFile
Logs/AssetImportWorker12.log
-srvPort
63691
Successfully changed project path to: D:/000Uni/Cuarto/Web y social/github/GalaxyTrotter
D:/000Uni/Cuarto/Web y social/github/GalaxyTrotter
[UnityMemory] Configuration Parameters - Can be set up in boot.config
    "memorysetup-bucket-allocator-granularity=16"
    "memorysetup-bucket-allocator-bucket-count=8"
    "memorysetup-bucket-allocator-block-size=33554432"
    "memorysetup-bucket-allocator-block-count=8"
    "memorysetup-main-allocator-block-size=16777216"
    "memorysetup-thread-allocator-block-size=16777216"
    "memorysetup-gfx-main-allocator-block-size=16777216"
    "memorysetup-gfx-thread-allocator-block-size=16777216"
    "memorysetup-cache-allocator-block-size=4194304"
    "memorysetup-typetree-allocator-block-size=2097152"
    "memorysetup-profiler-bucket-allocator-granularity=16"
    "memorysetup-profiler-bucket-allocator-bucket-count=8"
    "memorysetup-profiler-bucket-allocator-block-size=33554432"
    "memorysetup-profiler-bucket-allocator-block-count=8"
    "memorysetup-profiler-allocator-block-size=16777216"
    "memorysetup-profiler-editor-allocator-block-size=1048576"
    "memorysetup-temp-allocator-size-main=16777216"
    "memorysetup-job-temp-allocator-block-size=2097152"
    "memorysetup-job-temp-allocator-block-size-background=1048576"
    "memorysetup-job-temp-allocator-reduction-small-platforms=262144"
    "memorysetup-temp-allocator-size-background-worker=32768"
    "memorysetup-temp-allocator-size-job-worker=262144"
    "memorysetup-temp-allocator-size-preload-manager=33554432"
    "memorysetup-temp-allocator-size-nav-mesh-worker=65536"
    "memorysetup-temp-allocator-size-audio-worker=65536"
    "memorysetup-temp-allocator-size-cloud-worker=32768"
    "memorysetup-temp-allocator-size-gi-baking-worker=262144"
    "memorysetup-temp-allocator-size-gfx=262144"
Refreshing native plugins compatible for Editor in 176.68 ms, found 4 plugins.
Preloading 0 native plugins for Editor in 0.00 ms.
Initialize engine version: 2021.3.10f1 (1c7d0df0160b)
[Subsystems] Discovering subsystems at path D:/Unity/2021.3.10f1/Editor/Data/Resources/UnitySubsystems
[Subsystems] Discovering subsystems at path D:/000Uni/Cuarto/Web y social/github/GalaxyTrotter/Assets
GfxDevice: creating device client; threaded=0; jobified=0
Direct3D:
    Version:  Direct3D 11.0 [level 11.0]
    Renderer: NVIDIA GeForce GTX 960M (ID=0x139b)
    Vendor:   NVIDIA
    VRAM:     2010 MB
    Driver:   30.0.14.7141
Initialize mono
Mono path[0] = 'D:/Unity/2021.3.10f1/Editor/Data/Managed'
Mono path[1] = 'D:/Unity/2021.3.10f1/Editor/Data/MonoBleedingEdge/lib/mono/unityjit-win32'
Mono config path = 'D:/Unity/2021.3.10f1/Editor/Data/MonoBleedingEdge/etc'
Using monoOptions --debugger-agent=transport=dt_socket,embedding=1,server=y,suspend=n,address=127.0.0.1:56432
Begin MonoManager ReloadAssembly
Registering precompiled unity dll's ...
Register platform support module: D:/Unity/2021.3.10f1/Editor/Data/PlaybackEngines/WebGLSupport/UnityEditor.WebGL.Extensions.dll
Register platform support module: D:/Unity/2021.3.10f1/Editor/Data/PlaybackEngines/WindowsStandaloneSupport/UnityEditor.WindowsStandalone.Extensions.dll
Registered in 0.006867 seconds.
Native extension for WindowsStandalone target not found
Native extension for WebGL target not found
Refreshing native plugins compatible for Editor in 156.05 ms, found 4 plugins.
Preloading 0 native plugins for Editor in 0.00 ms.
Mono: successfully reloaded assembly
- Completed reload, in  1.038 seconds
Domain Reload Profiling:
	ReloadAssembly (1039ms)
		BeginReloadAssembly (148ms)
			ExecutionOrderSort (0ms)
			DisableScriptedObjects (0ms)
			BackupInstance (0ms)
			ReleaseScriptingObjects (0ms)
			CreateAndSetChildDomain (1ms)
		EndReloadAssembly (741ms)
			LoadAssemblies (148ms)
			RebuildTransferFunctionScriptingTraits (0ms)
			SetupTypeCache (165ms)
			ReleaseScriptCaches (0ms)
			RebuildScriptCaches (42ms)
			SetupLoadedEditorAssemblies (466ms)
				LogAssemblyErrors (0ms)
				InitializePlatformSupportModulesInManaged (12ms)
				SetLoadedEditorAssemblies (0ms)
				RefreshPlugins (156ms)
				BeforeProcessingInitializeOnLoad (2ms)
				ProcessInitializeOnLoadAttributes (224ms)
				ProcessInitializeOnLoadMethodAttributes (71ms)
				AfterProcessingInitializeOnLoad (0ms)
				EditorAssembliesLoaded (0ms)
			ExecutionOrderSort2 (0ms)
			AwakeInstancesAfterBackupRestoration (0ms)
Platform modules already initialized, skipping
Registering precompiled user dll's ...
Registered in 0.021552 seconds.
Begin MonoManager ReloadAssembly
Symbol file LoadedFromMemory doesn't match image D:\000Uni\Cuarto\Web y social\github\GalaxyTrotter\Library\PackageCache\com.unity.visualscripting@1.7.8\Editor\VisualScripting.Core\Dependencies\YamlDotNet\Unity.VisualScripting.YamlDotNet.dll
Symbol file LoadedFromMemory doesn't match image D:\000Uni\Cuarto\Web y social\github\GalaxyTrotter\Library\PackageCache\com.unity.visualscripting@1.7.8\Editor\VisualScripting.Core\Dependencies\DotNetZip\Unity.VisualScripting.IonicZip.dll
Native extension for WindowsStandalone target not found
Native extension for WebGL target not found
Refreshing native plugins compatible for Editor in 151.50 ms, found 4 plugins.
Preloading 0 native plugins for Editor in 0.00 ms.
Mono: successfully reloaded assembly
- Completed reload, in  1.898 seconds
Domain Reload Profiling:
	ReloadAssembly (1899ms)
		BeginReloadAssembly (200ms)
			ExecutionOrderSort (0ms)
			DisableScriptedObjects (7ms)
			BackupInstance (0ms)
			ReleaseScriptingObjects (0ms)
			CreateAndSetChildDomain (29ms)
		EndReloadAssembly (1525ms)
			LoadAssemblies (206ms)
			RebuildTransferFunctionScriptingTraits (0ms)
			SetupTypeCache (453ms)
			ReleaseScriptCaches (1ms)
			RebuildScriptCaches (85ms)
			SetupLoadedEditorAssemblies (749ms)
				LogAssemblyErrors (0ms)
				InitializePlatformSupportModulesInManaged (6ms)
				SetLoadedEditorAssemblies (0ms)
				RefreshPlugins (152ms)
				BeforeProcessingInitializeOnLoad (152ms)
				ProcessInitializeOnLoadAttributes (369ms)
				ProcessInitializeOnLoadMethodAttributes (64ms)
				AfterProcessingInitializeOnLoad (4ms)
				EditorAssembliesLoaded (0ms)
			ExecutionOrderSort2 (0ms)
			AwakeInstancesAfterBackupRestoration (10ms)
Platform modules already initialized, skipping
========================================================================
Worker process is ready to serve import requests
Launched and connected shader compiler UnityShaderCompiler.exe after 0.09 seconds
Refreshing native plugins compatible for Editor in 1.25 ms, found 4 plugins.
Preloading 0 native plugins for Editor in 0.00 ms.
Unloading 4250 Unused Serialized files (Serialized files now loaded: 0)
Unloading 39 unused Assets / (56.8 KB). Loaded Objects now: 4709.
Memory consumption went from 160.7 MB to 160.7 MB.
Total: 4.339700 ms (FindLiveObjects: 0.412800 ms CreateObjectMapping: 0.346100 ms MarkObjects: 3.473800 ms  DeleteObjects: 0.105900 ms)

AssetImportParameters requested are different than current active one (requested -> active):
  custom:video-decoder-ogg-theora: a1e56fd34408186e4bbccfd4996cb3dc -> 
  custom:container-muxer-webm: aa71ff27fc2769a1b78a27578f13a17b -> 
  custom:container-demuxer-webm: 4f35f7cbe854078d1ac9338744f61a02 -> 
  custom:video-encoder-webm-vp8: eb34c28f22e8b96e1ab97ce403110664 -> 
  custom:video-codec-MediaFoundation-h265: 746d11721c4dcdbdad8f713fa42b33f4 -> 
  custom:audio-encoder-webm-vorbis: bf7c407c2cedff20999df2af8eb42d56 -> 
  custom:framework-win-MediaFoundation: 216162199b28c13a410421893ffa2e32 -> 
  custom:container-demuxer-ogg: 62fdf1f143b41e24485cea50d1cbac27 -> 
  custom:video-decoder-webm-vp8: 9c59270c3fd7afecdb556c50c9e8de78 -> 
  custom:audio-decoder-ogg-vorbis: bf7c407c2cedff20999df2af8eb42d56 -> 
========================================================================
Received Import Request.
  Time since last request: 315228.476054 seconds.
  path: Assets/Prefabs/Clients/Dia8/C.7.1.prefab
  artifactKey: Guid(307ad985a1cde3043bfa5a420334a7f3) Importer(815301076,1909f56bfc062723c751e8b465ee728b)
Start importing Assets/Prefabs/Clients/Dia8/C.7.1.prefab using Guid(307ad985a1cde3043bfa5a420334a7f3) Importer(815301076,1909f56bfc062723c751e8b465ee728b)  -> (artifact id: '9e45bb5e61328bcc0107f047d4444a4d') in 0.235257 seconds 
========================================================================
Received Import Request.
  Time since last request: 0.000029 seconds.
  path: Assets/Prefabs/Clients/Dia8/C.7.6.prefab
  artifactKey: Guid(c2ebd8cb2497757418ef146085ab9998) Importer(815301076,1909f56bfc062723c751e8b465ee728b)
Start importing Assets/Prefabs/Clients/Dia8/C.7.6.prefab using Guid(c2ebd8cb2497757418ef146085ab9998) Importer(815301076,1909f56bfc062723c751e8b465ee728b)  -> (artifact id: '7725a0d0f3d99a21bad3204d3c7f2580') in 0.040229 seconds 
========================================================================
Received Import Request.
  Time since last request: 0.235164 seconds.
  path: Assets/Prefabs/Clients/Dia7/C.6.0.1.prefab
  artifactKey: Guid(e2f0c0218ad8f8149a466d51e61a06d6) Importer(815301076,1909f56bfc062723c751e8b465ee728b)
Start importing Assets/Prefabs/Clients/Dia7/C.6.0.1.prefab using Guid(e2f0c0218ad8f8149a466d51e61a06d6) Importer(815301076,1909f56bfc062723c751e8b465ee728b)  -> (artifact id: '15ff2ebfd70e034a0511d024fc047ad6') in 0.056407 seconds 
========================================================================
Received Import Request.
  Time since last request: 0.008990 seconds.
  path: Assets/Prefabs/Clients/Dia7/C.6.0.3.prefab
  artifactKey: Guid(6d9af7c451494ef49b72812a0a96041e) Importer(815301076,1909f56bfc062723c751e8b465ee728b)
Start importing Assets/Prefabs/Clients/Dia7/C.6.0.3.prefab using Guid(6d9af7c451494ef49b72812a0a96041e) Importer(815301076,1909f56bfc062723c751e8b465ee728b)  -> (artifact id: '615856a87eba3b39294da433c2b4ca28') in 0.032625 seconds 
========================================================================
Received Import Request.
  Time since last request: 0.010764 seconds.
  path: Assets/Prefabs/Clients/Dia7/C.6.2.prefab
  artifactKey: Guid(2b50845bd4144ac4caeb2d34d6aba5e2) Importer(815301076,1909f56bfc062723c751e8b465ee728b)
Start importing Assets/Prefabs/Clients/Dia7/C.6.2.prefab using Guid(2b50845bd4144ac4caeb2d34d6aba5e2) Importer(815301076,1909f56bfc062723c751e8b465ee728b)  -> (artifact id: 'a67426822399590663269ffe1b5685e1') in 0.035848 seconds 
========================================================================
Received Import Request.
  Time since last request: 0.000021 seconds.
  path: Assets/Prefabs/Clients/Dia7/C.6.3.prefab
  artifactKey: Guid(edb952fd501e9494a9630d10fd51a106) Importer(815301076,1909f56bfc062723c751e8b465ee728b)
Start importing Assets/Prefabs/Clients/Dia7/C.6.3.prefab using Guid(edb952fd501e9494a9630d10fd51a106) Importer(815301076,1909f56bfc062723c751e8b465ee728b)  -> (artifact id: '84ff875ddbb916944b11b6b49721b5b0') in 0.058355 seconds 
========================================================================
Received Import Request.
  Time since last request: 0.000092 seconds.
  path: Assets/Prefabs/Clients/Dia7/C.6.5.prefab
  artifactKey: Guid(39c49c06335c6b34f9b0189522c02cb6) Importer(815301076,1909f56bfc062723c751e8b465ee728b)
Start importing Assets/Prefabs/Clients/Dia7/C.6.5.prefab using Guid(39c49c06335c6b34f9b0189522c02cb6) Importer(815301076,1909f56bfc062723c751e8b465ee728b)  -> (artifact id: '38057268d9a1cbe58cabe42c045fbe3a') in 0.021533 seconds 
========================================================================
Received Import Request.
  Time since last request: 155.307312 seconds.
  path: Assets/Prefabs/Clients/Dia7/C.6.0.3.prefab
  artifactKey: Guid(6d9af7c451494ef49b72812a0a96041e) Importer(815301076,1909f56bfc062723c751e8b465ee728b)
Start importing Assets/Prefabs/Clients/Dia7/C.6.0.3.prefab using Guid(6d9af7c451494ef49b72812a0a96041e) Importer(815301076,1909f56bfc062723c751e8b465ee728b)  -> (artifact id: '2270b22ac39381e28d881b0e87d58105') in 0.022564 seconds 
========================================================================
Received Import Request.
  Time since last request: 43.269489 seconds.
  path: Assets/Prefabs/Clients/Dia7/C.6.0.2.prefab
  artifactKey: Guid(a3499720a24a34d4bbae36ff054bc00e) Importer(815301076,1909f56bfc062723c751e8b465ee728b)
Start importing Assets/Prefabs/Clients/Dia7/C.6.0.2.prefab using Guid(a3499720a24a34d4bbae36ff054bc00e) Importer(815301076,1909f56bfc062723c751e8b465ee728b)  -> (artifact id: 'f7b4cc2c3e63d13e3beb5c5a768e1c29') in 0.019369 seconds 
========================================================================
Received Import Request.
  Time since last request: 20.638785 seconds.
  path: Assets/Prefabs/Clients/Dia7/C.6.1.prefab
  artifactKey: Guid(ff9fa65876aaebd428a2cd3e39e1f197) Importer(815301076,1909f56bfc062723c751e8b465ee728b)
Start importing Assets/Prefabs/Clients/Dia7/C.6.1.prefab using Guid(ff9fa65876aaebd428a2cd3e39e1f197) Importer(815301076,1909f56bfc062723c751e8b465ee728b)  -> (artifact id: '273c4f7381c39cd942d5a9444e609faf') in 0.020623 seconds 
========================================================================
Received Import Request.
  Time since last request: 16.804385 seconds.
  path: Assets/Prefabs/Clients/Dia7/C.6.2.prefab
  artifactKey: Guid(2b50845bd4144ac4caeb2d34d6aba5e2) Importer(815301076,1909f56bfc062723c751e8b465ee728b)
Start importing Assets/Prefabs/Clients/Dia7/C.6.2.prefab using Guid(2b50845bd4144ac4caeb2d34d6aba5e2) Importer(815301076,1909f56bfc062723c751e8b465ee728b)  -> (artifact id: 'd4320f04f9549981fcd5bbecfb1e24e3') in 0.018561 seconds 
========================================================================
Received Import Request.
  Time since last request: 47.060310 seconds.
  path: Assets/Prefabs/Clients/Dia7/C.6.0.3.prefab
  artifactKey: Guid(6d9af7c451494ef49b72812a0a96041e) Importer(815301076,1909f56bfc062723c751e8b465ee728b)
Start importing Assets/Prefabs/Clients/Dia7/C.6.0.3.prefab using Guid(6d9af7c451494ef49b72812a0a96041e) Importer(815301076,1909f56bfc062723c751e8b465ee728b)  -> (artifact id: '3d6cc75b5002f031a2622ecab99aa312') in 0.017515 seconds 
========================================================================
Received Import Request.
  Time since last request: 82.574283 seconds.
  path: Assets/Prefabs/Clients/Dia7/C.6.3.prefab
  artifactKey: Guid(edb952fd501e9494a9630d10fd51a106) Importer(815301076,1909f56bfc062723c751e8b465ee728b)
Start importing Assets/Prefabs/Clients/Dia7/C.6.3.prefab using Guid(edb952fd501e9494a9630d10fd51a106) Importer(815301076,1909f56bfc062723c751e8b465ee728b)  -> (artifact id: '310e45c658d511f9aa2fdd080b9e1a9e') in 0.043116 seconds 
========================================================================
Received Import Request.
  Time since last request: 179.322677 seconds.
  path: Assets/Prefabs/Clients/Dia7/C.6.4.prefab
  artifactKey: Guid(772c4dc603d299e468e6f4e027e90ed2) Importer(815301076,1909f56bfc062723c751e8b465ee728b)
Start importing Assets/Prefabs/Clients/Dia7/C.6.4.prefab using Guid(772c4dc603d299e468e6f4e027e90ed2) Importer(815301076,1909f56bfc062723c751e8b465ee728b)  -> (artifact id: '2eee063ed22d28065eba661e3d11b93b') in 0.014642 seconds 
========================================================================
Received Import Request.
  Time since last request: 17.227423 seconds.
  path: Assets/Prefabs/Clients/Dia7/C.6.5.prefab
  artifactKey: Guid(39c49c06335c6b34f9b0189522c02cb6) Importer(815301076,1909f56bfc062723c751e8b465ee728b)
Start importing Assets/Prefabs/Clients/Dia7/C.6.5.prefab using Guid(39c49c06335c6b34f9b0189522c02cb6) Importer(815301076,1909f56bfc062723c751e8b465ee728b)  -> (artifact id: '1ee12f23c7d980f5886eab3b1c13bfe8') in 0.015813 seconds 
========================================================================
Received Import Request.
  Time since last request: 22.624544 seconds.
  path: Assets/Prefabs/Clients/Dia7/C.6.6.prefab
  artifactKey: Guid(cf8c4a6a972fa9642a7642dcc4c8284b) Importer(815301076,1909f56bfc062723c751e8b465ee728b)
Start importing Assets/Prefabs/Clients/Dia7/C.6.6.prefab using Guid(cf8c4a6a972fa9642a7642dcc4c8284b) Importer(815301076,1909f56bfc062723c751e8b465ee728b)  -> (artifact id: '34d666c936af345befabb7c57520435d') in 0.019655 seconds 
========================================================================
Received Import Request.
  Time since last request: 17.563254 seconds.
  path: Assets/Prefabs/Clients/Dia8/C.7.1.prefab
  artifactKey: Guid(307ad985a1cde3043bfa5a420334a7f3) Importer(815301076,1909f56bfc062723c751e8b465ee728b)
Start importing Assets/Prefabs/Clients/Dia8/C.7.1.prefab using Guid(307ad985a1cde3043bfa5a420334a7f3) Importer(815301076,1909f56bfc062723c751e8b465ee728b)  -> (artifact id: '37b0c9d4f32337b8dca3dbeebfb9f0d8') in 0.043634 seconds 
========================================================================
Received Import Request.
  Time since last request: 11.460928 seconds.
  path: Assets/Prefabs/Clients/Dia8/C.7.2.prefab
  artifactKey: Guid(acb312831698a5647bcb646b8ff468a2) Importer(815301076,1909f56bfc062723c751e8b465ee728b)
Start importing Assets/Prefabs/Clients/Dia8/C.7.2.prefab using Guid(acb312831698a5647bcb646b8ff468a2) Importer(815301076,1909f56bfc062723c751e8b465ee728b)  -> (artifact id: '0abefacd777f8368fe4129585b6aa5ea') in 0.017256 seconds 
========================================================================
Received Import Request.
  Time since last request: 16.804540 seconds.
  path: Assets/Prefabs/Clients/Dia8/C.7.3.prefab
  artifactKey: Guid(a63cac53c59a56442b67086df0723df0) Importer(815301076,1909f56bfc062723c751e8b465ee728b)
Start importing Assets/Prefabs/Clients/Dia8/C.7.3.prefab using Guid(a63cac53c59a56442b67086df0723df0) Importer(815301076,1909f56bfc062723c751e8b465ee728b)  -> (artifact id: '87845edce020bce8e0b4b1062b3be857') in 0.018884 seconds 
========================================================================
Received Import Request.
  Time since last request: 12.014216 seconds.
  path: Assets/Prefabs/Clients/Dia8/C.7.4.0.prefab
  artifactKey: Guid(d5ce9482faf883b4f90280d37ad1d319) Importer(815301076,1909f56bfc062723c751e8b465ee728b)
Start importing Assets/Prefabs/Clients/Dia8/C.7.4.0.prefab using Guid(d5ce9482faf883b4f90280d37ad1d319) Importer(815301076,1909f56bfc062723c751e8b465ee728b)  -> (artifact id: '121ec0b0f16283e6abb74cb3c46603f2') in 0.018164 seconds 
========================================================================
Received Import Request.
  Time since last request: 24.218418 seconds.
  path: Assets/Prefabs/Clients/Dia8/C.7.4.1.prefab
  artifactKey: Guid(ba16ceeb4d1ae0a4f9424122e57528ac) Importer(815301076,1909f56bfc062723c751e8b465ee728b)
Start importing Assets/Prefabs/Clients/Dia8/C.7.4.1.prefab using Guid(ba16ceeb4d1ae0a4f9424122e57528ac) Importer(815301076,1909f56bfc062723c751e8b465ee728b)  -> (artifact id: '916a544413db8e2f2f06021f9cb4ea18') in 0.046503 seconds 
========================================================================
Received Import Request.
  Time since last request: 23.314100 seconds.
  path: Assets/Prefabs/Clients/Dia8/C.7.5.prefab
  artifactKey: Guid(67abe360e061f4f499d3028cfc6d671a) Importer(815301076,1909f56bfc062723c751e8b465ee728b)
Start importing Assets/Prefabs/Clients/Dia8/C.7.5.prefab using Guid(67abe360e061f4f499d3028cfc6d671a) Importer(815301076,1909f56bfc062723c751e8b465ee728b)  -> (artifact id: 'c393b6ca257f968fdf0cb1595800e7a7') in 0.017633 seconds 
========================================================================
Received Import Request.
  Time since last request: 20.400633 seconds.
  path: Assets/Prefabs/Clients/Dia8/C.7.6.prefab
  artifactKey: Guid(c2ebd8cb2497757418ef146085ab9998) Importer(815301076,1909f56bfc062723c751e8b465ee728b)
Start importing Assets/Prefabs/Clients/Dia8/C.7.6.prefab using Guid(c2ebd8cb2497757418ef146085ab9998) Importer(815301076,1909f56bfc062723c751e8b465ee728b)  -> (artifact id: '1f489417c8ec44b77df85f3212c8cedf') in 0.017695 seconds 
========================================================================
Received Import Request.
  Time since last request: 121.324501 seconds.
  path: Assets/Sprites/Materials/Otros/bimintio.mat
  artifactKey: Guid(08dee5a0b6fd2314e88d262efb4a6349) Importer(815301076,1909f56bfc062723c751e8b465ee728b)
Start importing Assets/Sprites/Materials/Otros/bimintio.mat using Guid(08dee5a0b6fd2314e88d262efb4a6349) Importer(815301076,1909f56bfc062723c751e8b465ee728b)  -> (artifact id: '31891c00c26d5660065b29ac6706e512') in 0.048507 seconds 
