Using pre-set license
Built from '2021.3/staging' branch; Version is '2021.3.10f1 (1c7d0df0160b) revision 1867021'; Using compiler version '192829333'; Build Type 'Release'
OS: 'Windows 10  (10.0.19044) 64bit Core' Language: 'es' Physical Memory: 8090 MB
BatchMode: 1, IsHumanControllingUs: 0, StartBugReporterOnCrash: 0, Is64bit: 1, IsPro: 1

COMMAND LINE ARGUMENTS:
D:\Unity\2021.3.10f1\Editor\Unity.exe
-adb2
-batchMode
-noUpm
-name
AssetImportWorker6
-projectPath
D:/000Uni/Cuarto/Web y social/github/GalaxyTrotter
-logFile
Logs/AssetImportWorker6.log
-srvPort
63691
Successfully changed project path to: D:/000Uni/Cuarto/Web y social/github/GalaxyTrotter
D:/000Uni/Cuarto/Web y social/github/GalaxyTrotter
[UnityMemory] Configuration Parameters - Can be set up in boot.config
    "memorysetup-bucket-allocator-granularity=16"
    "memorysetup-bucket-allocator-bucket-count=8"
    "memorysetup-bucket-allocator-block-size=33554432"
    "memorysetup-bucket-allocator-block-count=8"
    "memorysetup-main-allocator-block-size=16777216"
    "memorysetup-thread-allocator-block-size=16777216"
    "memorysetup-gfx-main-allocator-block-size=16777216"
    "memorysetup-gfx-thread-allocator-block-size=16777216"
    "memorysetup-cache-allocator-block-size=4194304"
    "memorysetup-typetree-allocator-block-size=2097152"
    "memorysetup-profiler-bucket-allocator-granularity=16"
    "memorysetup-profiler-bucket-allocator-bucket-count=8"
    "memorysetup-profiler-bucket-allocator-block-size=33554432"
    "memorysetup-profiler-bucket-allocator-block-count=8"
    "memorysetup-profiler-allocator-block-size=16777216"
    "memorysetup-profiler-editor-allocator-block-size=1048576"
    "memorysetup-temp-allocator-size-main=16777216"
    "memorysetup-job-temp-allocator-block-size=2097152"
    "memorysetup-job-temp-allocator-block-size-background=1048576"
    "memorysetup-job-temp-allocator-reduction-small-platforms=262144"
    "memorysetup-temp-allocator-size-background-worker=32768"
    "memorysetup-temp-allocator-size-job-worker=262144"
    "memorysetup-temp-allocator-size-preload-manager=33554432"
    "memorysetup-temp-allocator-size-nav-mesh-worker=65536"
    "memorysetup-temp-allocator-size-audio-worker=65536"
    "memorysetup-temp-allocator-size-cloud-worker=32768"
    "memorysetup-temp-allocator-size-gi-baking-worker=262144"
    "memorysetup-temp-allocator-size-gfx=262144"
Refreshing native plugins compatible for Editor in 549.15 ms, found 4 plugins.
Preloading 0 native plugins for Editor in 0.00 ms.
Initialize engine version: 2021.3.10f1 (1c7d0df0160b)
[Subsystems] Discovering subsystems at path D:/Unity/2021.3.10f1/Editor/Data/Resources/UnitySubsystems
[Subsystems] Discovering subsystems at path D:/000Uni/Cuarto/Web y social/github/GalaxyTrotter/Assets
GfxDevice: creating device client; threaded=0; jobified=0
Direct3D:
    Version:  Direct3D 11.0 [level 11.0]
    Renderer: NVIDIA GeForce GTX 960M (ID=0x139b)
    Vendor:   NVIDIA
    VRAM:     2010 MB
    Driver:   30.0.14.7141
Initialize mono
Mono path[0] = 'D:/Unity/2021.3.10f1/Editor/Data/Managed'
Mono path[1] = 'D:/Unity/2021.3.10f1/Editor/Data/MonoBleedingEdge/lib/mono/unityjit-win32'
Mono config path = 'D:/Unity/2021.3.10f1/Editor/Data/MonoBleedingEdge/etc'
Using monoOptions --debugger-agent=transport=dt_socket,embedding=1,server=y,suspend=n,address=127.0.0.1:56072
Begin MonoManager ReloadAssembly
Registering precompiled unity dll's ...
Register platform support module: D:/Unity/2021.3.10f1/Editor/Data/PlaybackEngines/WebGLSupport/UnityEditor.WebGL.Extensions.dll
Register platform support module: D:/Unity/2021.3.10f1/Editor/Data/PlaybackEngines/WindowsStandaloneSupport/UnityEditor.WindowsStandalone.Extensions.dll
Registered in 0.006740 seconds.
Native extension for WindowsStandalone target not found
Native extension for WebGL target not found
Refreshing native plugins compatible for Editor in 155.36 ms, found 4 plugins.
Preloading 0 native plugins for Editor in 0.00 ms.
Mono: successfully reloaded assembly
- Completed reload, in  1.061 seconds
Domain Reload Profiling:
	ReloadAssembly (1062ms)
		BeginReloadAssembly (142ms)
			ExecutionOrderSort (0ms)
			DisableScriptedObjects (0ms)
			BackupInstance (0ms)
			ReleaseScriptingObjects (0ms)
			CreateAndSetChildDomain (1ms)
		EndReloadAssembly (764ms)
			LoadAssemblies (142ms)
			RebuildTransferFunctionScriptingTraits (0ms)
			SetupTypeCache (177ms)
			ReleaseScriptCaches (0ms)
			RebuildScriptCaches (43ms)
			SetupLoadedEditorAssemblies (475ms)
				LogAssemblyErrors (0ms)
				InitializePlatformSupportModulesInManaged (11ms)
				SetLoadedEditorAssemblies (0ms)
				RefreshPlugins (155ms)
				BeforeProcessingInitializeOnLoad (2ms)
				ProcessInitializeOnLoadAttributes (207ms)
				ProcessInitializeOnLoadMethodAttributes (99ms)
				AfterProcessingInitializeOnLoad (0ms)
				EditorAssembliesLoaded (0ms)
			ExecutionOrderSort2 (0ms)
			AwakeInstancesAfterBackupRestoration (0ms)
Platform modules already initialized, skipping
Registering precompiled user dll's ...
Registered in 0.021317 seconds.
Begin MonoManager ReloadAssembly
Symbol file LoadedFromMemory doesn't match image D:\000Uni\Cuarto\Web y social\github\GalaxyTrotter\Library\PackageCache\com.unity.visualscripting@1.7.8\Editor\VisualScripting.Core\Dependencies\YamlDotNet\Unity.VisualScripting.YamlDotNet.dll
Symbol file LoadedFromMemory doesn't match image D:\000Uni\Cuarto\Web y social\github\GalaxyTrotter\Library\PackageCache\com.unity.visualscripting@1.7.8\Editor\VisualScripting.Core\Dependencies\DotNetZip\Unity.VisualScripting.IonicZip.dll
Native extension for WindowsStandalone target not found
Native extension for WebGL target not found
Refreshing native plugins compatible for Editor in 152.03 ms, found 4 plugins.
Preloading 0 native plugins for Editor in 0.00 ms.
Mono: successfully reloaded assembly
- Completed reload, in  2.073 seconds
Domain Reload Profiling:
	ReloadAssembly (2074ms)
		BeginReloadAssembly (196ms)
			ExecutionOrderSort (0ms)
			DisableScriptedObjects (9ms)
			BackupInstance (0ms)
			ReleaseScriptingObjects (0ms)
			CreateAndSetChildDomain (28ms)
		EndReloadAssembly (1706ms)
			LoadAssemblies (190ms)
			RebuildTransferFunctionScriptingTraits (0ms)
			SetupTypeCache (484ms)
			ReleaseScriptCaches (1ms)
			RebuildScriptCaches (84ms)
			SetupLoadedEditorAssemblies (918ms)
				LogAssemblyErrors (0ms)
				InitializePlatformSupportModulesInManaged (7ms)
				SetLoadedEditorAssemblies (0ms)
				RefreshPlugins (152ms)
				BeforeProcessingInitializeOnLoad (167ms)
				ProcessInitializeOnLoadAttributes (437ms)
				ProcessInitializeOnLoadMethodAttributes (150ms)
				AfterProcessingInitializeOnLoad (5ms)
				EditorAssembliesLoaded (0ms)
			ExecutionOrderSort2 (0ms)
			AwakeInstancesAfterBackupRestoration (10ms)
Platform modules already initialized, skipping
========================================================================
Worker process is ready to serve import requests
Launched and connected shader compiler UnityShaderCompiler.exe after 1.66 seconds
Refreshing native plugins compatible for Editor in 0.84 ms, found 4 plugins.
Preloading 0 native plugins for Editor in 0.00 ms.
Unloading 4250 Unused Serialized files (Serialized files now loaded: 0)
Unloading 39 unused Assets / (56.8 KB). Loaded Objects now: 4709.
Memory consumption went from 160.7 MB to 160.7 MB.
Total: 4.450300 ms (FindLiveObjects: 0.383300 ms CreateObjectMapping: 0.315300 ms MarkObjects: 3.644500 ms  DeleteObjects: 0.105500 ms)

AssetImportParameters requested are different than current active one (requested -> active):
  custom:video-decoder-ogg-theora: a1e56fd34408186e4bbccfd4996cb3dc -> 
  custom:container-muxer-webm: aa71ff27fc2769a1b78a27578f13a17b -> 
  custom:container-demuxer-webm: 4f35f7cbe854078d1ac9338744f61a02 -> 
  custom:video-encoder-webm-vp8: eb34c28f22e8b96e1ab97ce403110664 -> 
  custom:video-codec-MediaFoundation-h265: 746d11721c4dcdbdad8f713fa42b33f4 -> 
  custom:audio-encoder-webm-vorbis: bf7c407c2cedff20999df2af8eb42d56 -> 
  custom:framework-win-MediaFoundation: 216162199b28c13a410421893ffa2e32 -> 
  custom:container-demuxer-ogg: 62fdf1f143b41e24485cea50d1cbac27 -> 
  custom:video-decoder-webm-vp8: 9c59270c3fd7afecdb556c50c9e8de78 -> 
  custom:audio-decoder-ogg-vorbis: bf7c407c2cedff20999df2af8eb42d56 -> 
========================================================================
Received Import Request.
  Time since last request: 312941.092938 seconds.
  path: Assets/Sprites/Clients/Ichthys/New Material.mat
  artifactKey: Guid(51da55ec56042f14cbbd7a3106987235) Importer(815301076,1909f56bfc062723c751e8b465ee728b)
Start importing Assets/Sprites/Clients/Ichthys/New Material.mat using Guid(51da55ec56042f14cbbd7a3106987235) Importer(815301076,1909f56bfc062723c751e8b465ee728b)  -> (artifact id: '253eaf7c2a5bd244a9237140eb7b8e9e') in 0.541087 seconds 
========================================================================
Received Import Request.
  Time since last request: 119.113415 seconds.
  path: Assets/Sprites/Materials/Ichthys/rich 1.mat
  artifactKey: Guid(ccf75da4237f1de4991f1d45ba13798b) Importer(815301076,1909f56bfc062723c751e8b465ee728b)
Start importing Assets/Sprites/Materials/Ichthys/rich 1.mat using Guid(ccf75da4237f1de4991f1d45ba13798b) Importer(815301076,1909f56bfc062723c751e8b465ee728b)  -> (artifact id: '7ef7d07ba82aa46817d01d3095f963a0') in 0.031454 seconds 
========================================================================
Received Import Request.
  Time since last request: 0.173753 seconds.
  path: Assets/Sprites/Materials/Ichthys/rich 2.mat
  artifactKey: Guid(86c28382cd1215240af780dab721623f) Importer(815301076,1909f56bfc062723c751e8b465ee728b)
Start importing Assets/Sprites/Materials/Ichthys/rich 2.mat using Guid(86c28382cd1215240af780dab721623f) Importer(815301076,1909f56bfc062723c751e8b465ee728b)  -> (artifact id: 'f09725e3e6f78a8be32494e0f081cf84') in 0.020244 seconds 
========================================================================
Received Import Request.
  Time since last request: 0.209795 seconds.
  path: Assets/Sprites/Materials/Ichthys/rich 3.mat
  artifactKey: Guid(344869881341ef8419dd786e2fb8ab8a) Importer(815301076,1909f56bfc062723c751e8b465ee728b)
Start importing Assets/Sprites/Materials/Ichthys/rich 3.mat using Guid(344869881341ef8419dd786e2fb8ab8a) Importer(815301076,1909f56bfc062723c751e8b465ee728b)  -> (artifact id: 'e2c8fccbe3eec7be55fad3d23fc31db0') in 0.022947 seconds 
========================================================================
Received Import Request.
  Time since last request: 0.178930 seconds.
  path: Assets/Sprites/Materials/Ichthys/rich 4.mat
  artifactKey: Guid(22892511d67f14e4d84501cdc2c75a80) Importer(815301076,1909f56bfc062723c751e8b465ee728b)
Start importing Assets/Sprites/Materials/Ichthys/rich 4.mat using Guid(22892511d67f14e4d84501cdc2c75a80) Importer(815301076,1909f56bfc062723c751e8b465ee728b)  -> (artifact id: '83cce2dd5aef4d1817b995890bc0e85a') in 0.021031 seconds 
========================================================================
Received Import Request.
  Time since last request: 0.290495 seconds.
  path: Assets/Sprites/Materials/Ichthys/rich 5.mat
  artifactKey: Guid(95710b2c0f3d8f54483697ef8feb244f) Importer(815301076,1909f56bfc062723c751e8b465ee728b)
Start importing Assets/Sprites/Materials/Ichthys/rich 5.mat using Guid(95710b2c0f3d8f54483697ef8feb244f) Importer(815301076,1909f56bfc062723c751e8b465ee728b)  -> (artifact id: 'cfb9605afa391f886c09bac16f147d9c') in 0.021939 seconds 
========================================================================
Received Import Request.
  Time since last request: 17.084331 seconds.
  path: Assets/Sprites/Materials/Ichthys/Alfred.mat
  artifactKey: Guid(ccf75da4237f1de4991f1d45ba13798b) Importer(815301076,1909f56bfc062723c751e8b465ee728b)
Start importing Assets/Sprites/Materials/Ichthys/Alfred.mat using Guid(ccf75da4237f1de4991f1d45ba13798b) Importer(815301076,1909f56bfc062723c751e8b465ee728b)  -> (artifact id: '0063945239503148fc8ca8d3914623b6') in 0.025983 seconds 
========================================================================
Received Import Request.
  Time since last request: 7.025176 seconds.
  path: Assets/Sprites/Materials/Ichthys/alfred.mat
  artifactKey: Guid(ccf75da4237f1de4991f1d45ba13798b) Importer(815301076,1909f56bfc062723c751e8b465ee728b)
Start importing Assets/Sprites/Materials/Ichthys/alfred.mat using Guid(ccf75da4237f1de4991f1d45ba13798b) Importer(815301076,1909f56bfc062723c751e8b465ee728b)  -> (artifact id: '6f2f7de01144ee1994a83a3231905d1b') in 0.029471 seconds 
========================================================================
Received Import Request.
  Time since last request: 10.048810 seconds.
  path: Assets/Sprites/Materials/Ichthys/arya.mat
  artifactKey: Guid(86c28382cd1215240af780dab721623f) Importer(815301076,1909f56bfc062723c751e8b465ee728b)
Start importing Assets/Sprites/Materials/Ichthys/arya.mat using Guid(86c28382cd1215240af780dab721623f) Importer(815301076,1909f56bfc062723c751e8b465ee728b)  -> (artifact id: 'af31410ad5f8409e17a1ced31c14931e') in 0.019960 seconds 
========================================================================
Received Import Request.
  Time since last request: 6.169256 seconds.
  path: Assets/Sprites/Materials/Ichthys/chiki.mat
  artifactKey: Guid(344869881341ef8419dd786e2fb8ab8a) Importer(815301076,1909f56bfc062723c751e8b465ee728b)
Start importing Assets/Sprites/Materials/Ichthys/chiki.mat using Guid(344869881341ef8419dd786e2fb8ab8a) Importer(815301076,1909f56bfc062723c751e8b465ee728b)  -> (artifact id: '9df4b2ea1fcff2598018287e0b8e5142') in 0.050848 seconds 
========================================================================
Received Import Request.
  Time since last request: 10.296553 seconds.
  path: Assets/Sprites/Materials/Ichthys/jeremy.mat
  artifactKey: Guid(22892511d67f14e4d84501cdc2c75a80) Importer(815301076,1909f56bfc062723c751e8b465ee728b)
Start importing Assets/Sprites/Materials/Ichthys/jeremy.mat using Guid(22892511d67f14e4d84501cdc2c75a80) Importer(815301076,1909f56bfc062723c751e8b465ee728b)  -> (artifact id: '62beca0bdf9207e787126f6c4d380890') in 0.025921 seconds 
========================================================================
Received Import Request.
  Time since last request: 11.586245 seconds.
  path: Assets/Sprites/Materials/Ichthys/alexis.mat
  artifactKey: Guid(ccf75da4237f1de4991f1d45ba13798b) Importer(815301076,1909f56bfc062723c751e8b465ee728b)
Start importing Assets/Sprites/Materials/Ichthys/alexis.mat using Guid(ccf75da4237f1de4991f1d45ba13798b) Importer(815301076,1909f56bfc062723c751e8b465ee728b)  -> (artifact id: '6bbdce9851fdc4436f5c9cdcf76b9326') in 0.029091 seconds 
========================================================================
Received Import Request.
  Time since last request: 10.485426 seconds.
  path: Assets/Sprites/Materials/Ichthys/altoCargoCaspian.mat
  artifactKey: Guid(86c28382cd1215240af780dab721623f) Importer(815301076,1909f56bfc062723c751e8b465ee728b)
Start importing Assets/Sprites/Materials/Ichthys/altoCargoCaspian.mat using Guid(86c28382cd1215240af780dab721623f) Importer(815301076,1909f56bfc062723c751e8b465ee728b)  -> (artifact id: '0bad5a048420780e426f2d8234a70f21') in 0.029055 seconds 
========================================================================
Received Import Request.
  Time since last request: 7.237347 seconds.
  path: Assets/Sprites/Materials/Ichthys/Miguil.mat
  artifactKey: Guid(344869881341ef8419dd786e2fb8ab8a) Importer(815301076,1909f56bfc062723c751e8b465ee728b)
Start importing Assets/Sprites/Materials/Ichthys/Miguil.mat using Guid(344869881341ef8419dd786e2fb8ab8a) Importer(815301076,1909f56bfc062723c751e8b465ee728b)  -> (artifact id: '2e88c22ba16c914615bc1692166f36e8') in 0.024153 seconds 
========================================================================
Received Import Request.
  Time since last request: 5.670169 seconds.
  path: Assets/Sprites/Materials/Ichthys/miguil.mat
  artifactKey: Guid(344869881341ef8419dd786e2fb8ab8a) Importer(815301076,1909f56bfc062723c751e8b465ee728b)
Start importing Assets/Sprites/Materials/Ichthys/miguil.mat using Guid(344869881341ef8419dd786e2fb8ab8a) Importer(815301076,1909f56bfc062723c751e8b465ee728b)  -> (artifact id: '0e35688dbc00d6e8dea124009ac72ed1') in 0.046802 seconds 
========================================================================
Received Import Request.
  Time since last request: 10.295736 seconds.
  path: Assets/Sprites/Materials/Ichthys/nina.mat
  artifactKey: Guid(22892511d67f14e4d84501cdc2c75a80) Importer(815301076,1909f56bfc062723c751e8b465ee728b)
Start importing Assets/Sprites/Materials/Ichthys/nina.mat using Guid(22892511d67f14e4d84501cdc2c75a80) Importer(815301076,1909f56bfc062723c751e8b465ee728b)  -> (artifact id: '27af97b04a1672c6e24a183eae0c6f8f') in 0.023764 seconds 
========================================================================
Received Import Request.
  Time since last request: 12.623382 seconds.
  path: Assets/Sprites/Materials/Ichthys/oficialLerman.mat
  artifactKey: Guid(95710b2c0f3d8f54483697ef8feb244f) Importer(815301076,1909f56bfc062723c751e8b465ee728b)
Start importing Assets/Sprites/Materials/Ichthys/oficialLerman.mat using Guid(95710b2c0f3d8f54483697ef8feb244f) Importer(815301076,1909f56bfc062723c751e8b465ee728b)  -> (artifact id: '62d3c5965d3bcedc6bffc0260baae475') in 0.029370 seconds 
========================================================================
Received Import Request.
  Time since last request: 80.477758 seconds.
  path: Assets/Sprites/Materials/Lacertilios/mikai 1.mat
  artifactKey: Guid(e5db3c7c3acc1a443b89b4bf4042f6fd) Importer(815301076,1909f56bfc062723c751e8b465ee728b)
Start importing Assets/Sprites/Materials/Lacertilios/mikai 1.mat using Guid(e5db3c7c3acc1a443b89b4bf4042f6fd) Importer(815301076,1909f56bfc062723c751e8b465ee728b)  -> (artifact id: 'af15e5610601459c6a9a392c12efb4c4') in 0.050603 seconds 
========================================================================
Received Import Request.
  Time since last request: 0.179789 seconds.
  path: Assets/Sprites/Materials/Lacertilios/mikai 2.mat
  artifactKey: Guid(305e28d2d392ee2429fbbe5eb5126a7e) Importer(815301076,1909f56bfc062723c751e8b465ee728b)
Start importing Assets/Sprites/Materials/Lacertilios/mikai 2.mat using Guid(305e28d2d392ee2429fbbe5eb5126a7e) Importer(815301076,1909f56bfc062723c751e8b465ee728b)  -> (artifact id: 'dfd402566332686aa517debe434b2255') in 0.020340 seconds 
========================================================================
Received Import Request.
  Time since last request: 0.253881 seconds.
  path: Assets/Sprites/Materials/Lacertilios/mikai 3.mat
  artifactKey: Guid(863d360c94c165146a365fd63bba923f) Importer(815301076,1909f56bfc062723c751e8b465ee728b)
Start importing Assets/Sprites/Materials/Lacertilios/mikai 3.mat using Guid(863d360c94c165146a365fd63bba923f) Importer(815301076,1909f56bfc062723c751e8b465ee728b)  -> (artifact id: '166fa3e02c91fd222934e8d4ec4b0fb0') in 0.017756 seconds 
========================================================================
Received Import Request.
  Time since last request: 0.214350 seconds.
  path: Assets/Sprites/Materials/Lacertilios/mikai 4.mat
  artifactKey: Guid(12b6224a0cd5fc9449eb94a9b3be525c) Importer(815301076,1909f56bfc062723c751e8b465ee728b)
Start importing Assets/Sprites/Materials/Lacertilios/mikai 4.mat using Guid(12b6224a0cd5fc9449eb94a9b3be525c) Importer(815301076,1909f56bfc062723c751e8b465ee728b)  -> (artifact id: 'e2f8ea40d26bbc807a4ec2d34624bb21') in 0.019424 seconds 
========================================================================
Received Import Request.
  Time since last request: 24.619109 seconds.
  path: Assets/Sprites/Materials/Lacertilios
  artifactKey: Guid(bea445488b9f83043a1b8513de6e6203) Importer(815301076,1909f56bfc062723c751e8b465ee728b)
Start importing Assets/Sprites/Materials/Lacertilios using Guid(bea445488b9f83043a1b8513de6e6203) Importer(815301076,1909f56bfc062723c751e8b465ee728b)  -> (artifact id: 'feb266872d1c9304835ef7ca906f0125') in 0.005028 seconds 
========================================================================
Received Import Request.
  Time since last request: 5.437697 seconds.
  path: Assets/Sprites/Materials/Ichthys/alexis.mat
  artifactKey: Guid(ccf75da4237f1de4991f1d45ba13798b) Importer(815301076,1909f56bfc062723c751e8b465ee728b)
Start importing Assets/Sprites/Materials/Ichthys/alexis.mat using Guid(ccf75da4237f1de4991f1d45ba13798b) Importer(815301076,1909f56bfc062723c751e8b465ee728b)  -> (artifact id: 'c918ed66fd3f58d8607ffc709e5958bd') in 0.031132 seconds 
========================================================================
Received Import Request.
  Time since last request: 0.000049 seconds.
  path: Assets/Sprites/Materials/Ichthys/oficialLerman.mat
  artifactKey: Guid(95710b2c0f3d8f54483697ef8feb244f) Importer(815301076,1909f56bfc062723c751e8b465ee728b)
Start importing Assets/Sprites/Materials/Ichthys/oficialLerman.mat using Guid(95710b2c0f3d8f54483697ef8feb244f) Importer(815301076,1909f56bfc062723c751e8b465ee728b)  -> (artifact id: 'ab5f0cef591c8cc96fec714e7424d4a1') in 0.078854 seconds 
========================================================================
Received Import Request.
  Time since last request: 0.000033 seconds.
  path: Assets/Sprites/Materials/Ichthys/miguil.mat
  artifactKey: Guid(344869881341ef8419dd786e2fb8ab8a) Importer(815301076,1909f56bfc062723c751e8b465ee728b)
Start importing Assets/Sprites/Materials/Ichthys/miguil.mat using Guid(344869881341ef8419dd786e2fb8ab8a) Importer(815301076,1909f56bfc062723c751e8b465ee728b)  -> (artifact id: 'aff95f3f7882b8c293a961d2674d9ce5') in 0.025868 seconds 
========================================================================
Received Import Request.
  Time since last request: 14.748980 seconds.
  path: Assets/Sprites/Materials/Lacertilios/alexis.mat
  artifactKey: Guid(4f67c23e2c715d746bf1fd8a5a1a573e) Importer(815301076,1909f56bfc062723c751e8b465ee728b)
Start importing Assets/Sprites/Materials/Lacertilios/alexis.mat using Guid(4f67c23e2c715d746bf1fd8a5a1a573e) Importer(815301076,1909f56bfc062723c751e8b465ee728b)  -> (artifact id: 'e5c99a35b8d1f8508c9b2c5a1aa7c78c') in 0.022298 seconds 
========================================================================
Received Import Request.
  Time since last request: 0.568957 seconds.
  path: Assets/Sprites/Materials/Lacertilios/alexis 1.mat
  artifactKey: Guid(dcfac6626d93867468db3b68629de828) Importer(815301076,1909f56bfc062723c751e8b465ee728b)
Start importing Assets/Sprites/Materials/Lacertilios/alexis 1.mat using Guid(dcfac6626d93867468db3b68629de828) Importer(815301076,1909f56bfc062723c751e8b465ee728b)  -> (artifact id: '2f4ef6bb84944aa080151e2be43fa9e3') in 0.026721 seconds 
========================================================================
Received Import Request.
  Time since last request: 0.247429 seconds.
  path: Assets/Sprites/Materials/Lacertilios/alexis 2.mat
  artifactKey: Guid(6c068d7c115eeb147aa5acb4545e71f8) Importer(815301076,1909f56bfc062723c751e8b465ee728b)
Start importing Assets/Sprites/Materials/Lacertilios/alexis 2.mat using Guid(6c068d7c115eeb147aa5acb4545e71f8) Importer(815301076,1909f56bfc062723c751e8b465ee728b)  -> (artifact id: 'cff486a7e504b644e4aa6ff3612e6aa7') in 0.019165 seconds 
========================================================================
Received Import Request.
  Time since last request: 0.288202 seconds.
  path: Assets/Sprites/Materials/Lacertilios/alexis 3.mat
  artifactKey: Guid(785c6c36f21191045b9b710f1c5b8079) Importer(815301076,1909f56bfc062723c751e8b465ee728b)
Start importing Assets/Sprites/Materials/Lacertilios/alexis 3.mat using Guid(785c6c36f21191045b9b710f1c5b8079) Importer(815301076,1909f56bfc062723c751e8b465ee728b)  -> (artifact id: 'd52603ab3d282ad1905c1027df087c65') in 0.018170 seconds 
========================================================================
Received Import Request.
  Time since last request: 0.190217 seconds.
  path: Assets/Sprites/Materials/Lacertilios/alexis 4.mat
  artifactKey: Guid(60d53df38396f9248b234713e1003404) Importer(815301076,1909f56bfc062723c751e8b465ee728b)
Start importing Assets/Sprites/Materials/Lacertilios/alexis 4.mat using Guid(60d53df38396f9248b234713e1003404) Importer(815301076,1909f56bfc062723c751e8b465ee728b)  -> (artifact id: '645a36fe36703cac3f7d1d422f9ecd00') in 0.021973 seconds 
========================================================================
Received Import Request.
  Time since last request: 11.263975 seconds.
  path: Assets/Sprites/Materials/Lacertilios/donald.mat
  artifactKey: Guid(dcfac6626d93867468db3b68629de828) Importer(815301076,1909f56bfc062723c751e8b465ee728b)
Start importing Assets/Sprites/Materials/Lacertilios/donald.mat using Guid(dcfac6626d93867468db3b68629de828) Importer(815301076,1909f56bfc062723c751e8b465ee728b)  -> (artifact id: '7f949bf6c6d2bd86fd849bac95036c42') in 0.021326 seconds 
========================================================================
Received Import Request.
  Time since last request: 4.781207 seconds.
  path: Assets/Sprites/Materials/Lacertilios/guila.mat
  artifactKey: Guid(6c068d7c115eeb147aa5acb4545e71f8) Importer(815301076,1909f56bfc062723c751e8b465ee728b)
Start importing Assets/Sprites/Materials/Lacertilios/guila.mat using Guid(6c068d7c115eeb147aa5acb4545e71f8) Importer(815301076,1909f56bfc062723c751e8b465ee728b)  -> (artifact id: '61704e722f745f44bc62096b428e96ed') in 0.024438 seconds 
========================================================================
Received Import Request.
  Time since last request: 4.508134 seconds.
  path: Assets/Sprites/Materials/Lacertilios/mikai.mat
  artifactKey: Guid(785c6c36f21191045b9b710f1c5b8079) Importer(815301076,1909f56bfc062723c751e8b465ee728b)
Start importing Assets/Sprites/Materials/Lacertilios/mikai.mat using Guid(785c6c36f21191045b9b710f1c5b8079) Importer(815301076,1909f56bfc062723c751e8b465ee728b)  -> (artifact id: 'b52a849daac9bab2709157b9f4decb87') in 0.023999 seconds 
========================================================================
Received Import Request.
  Time since last request: 12.888106 seconds.
  path: Assets/Sprites/Materials/Lacertilios/sergei.mat
  artifactKey: Guid(4f67c23e2c715d746bf1fd8a5a1a573e) Importer(815301076,1909f56bfc062723c751e8b465ee728b)
Start importing Assets/Sprites/Materials/Lacertilios/sergei.mat using Guid(4f67c23e2c715d746bf1fd8a5a1a573e) Importer(815301076,1909f56bfc062723c751e8b465ee728b)  -> (artifact id: '5044065cf5aab66d8fe91c9a816affa0') in 0.025728 seconds 
========================================================================
Received Import Request.
  Time since last request: 24.112792 seconds.
  path: Assets/Sprites/Materials/Lacertilios/yato.mat
  artifactKey: Guid(60d53df38396f9248b234713e1003404) Importer(815301076,1909f56bfc062723c751e8b465ee728b)
Start importing Assets/Sprites/Materials/Lacertilios/yato.mat using Guid(60d53df38396f9248b234713e1003404) Importer(815301076,1909f56bfc062723c751e8b465ee728b)  -> (artifact id: '6ff202a815d7d8d6b75982e46425fc3b') in 0.025457 seconds 
========================================================================
Received Import Request.
  Time since last request: 97.855872 seconds.
  path: Assets/Scripts/Cocina/LiquidIngredient.cs
  artifactKey: Guid(c9e619be9c1208f418cef359b8ee59c3) Importer(815301076,1909f56bfc062723c751e8b465ee728b)
Start importing Assets/Scripts/Cocina/LiquidIngredient.cs using Guid(c9e619be9c1208f418cef359b8ee59c3) Importer(815301076,1909f56bfc062723c751e8b465ee728b)  -> (artifact id: '8394e2101b109e999967d953df2715c1') in 0.013907 seconds 
========================================================================
Received Prepare
Registering precompiled user dll's ...
Registered in 0.018278 seconds.
Begin MonoManager ReloadAssembly
Symbol file LoadedFromMemory doesn't match image D:\000Uni\Cuarto\Web y social\github\GalaxyTrotter\Library\PackageCache\com.unity.visualscripting@1.7.8\Editor\VisualScripting.Core\Dependencies\YamlDotNet\Unity.VisualScripting.YamlDotNet.dll
Symbol file LoadedFromMemory doesn't match image D:\000Uni\Cuarto\Web y social\github\GalaxyTrotter\Library\PackageCache\com.unity.visualscripting@1.7.8\Editor\VisualScripting.Core\Dependencies\DotNetZip\Unity.VisualScripting.IonicZip.dll
Native extension for WindowsStandalone target not found
Native extension for WebGL target not found
Refreshing native plugins compatible for Editor in 1.03 ms, found 4 plugins.
Preloading 0 native plugins for Editor in 0.00 ms.
Mono: successfully reloaded assembly
- Completed reload, in  1.873 seconds
Domain Reload Profiling:
	ReloadAssembly (1874ms)
		BeginReloadAssembly (263ms)
			ExecutionOrderSort (0ms)
			DisableScriptedObjects (8ms)
			BackupInstance (0ms)
			ReleaseScriptingObjects (0ms)
			CreateAndSetChildDomain (62ms)
		EndReloadAssembly (1457ms)
			LoadAssemblies (241ms)
			RebuildTransferFunctionScriptingTraits (0ms)
			SetupTypeCache (490ms)
			ReleaseScriptCaches (2ms)
			RebuildScriptCaches (98ms)
			SetupLoadedEditorAssemblies (592ms)
				LogAssemblyErrors (0ms)
				InitializePlatformSupportModulesInManaged (25ms)
				SetLoadedEditorAssemblies (1ms)
				RefreshPlugins (1ms)
				BeforeProcessingInitializeOnLoad (134ms)
				ProcessInitializeOnLoadAttributes (364ms)
				ProcessInitializeOnLoadMethodAttributes (62ms)
				AfterProcessingInitializeOnLoad (5ms)
				EditorAssembliesLoaded (0ms)
			ExecutionOrderSort2 (0ms)
			AwakeInstancesAfterBackupRestoration (17ms)
Platform modules already initialized, skipping
Refreshing native plugins compatible for Editor in 4.32 ms, found 4 plugins.
Preloading 0 native plugins for Editor in 0.00 ms.
Unloading 4225 Unused Serialized files (Serialized files now loaded: 0)
Unloading 26 unused Assets / (24.7 KB). Loaded Objects now: 4753.
Memory consumption went from 163.3 MB to 163.3 MB.
Total: 6.164200 ms (FindLiveObjects: 0.772600 ms CreateObjectMapping: 1.167900 ms MarkObjects: 4.183300 ms  DeleteObjects: 0.038600 ms)

AssetImportParameters requested are different than current active one (requested -> active):
  custom:video-decoder-ogg-theora: a1e56fd34408186e4bbccfd4996cb3dc -> 
  custom:container-muxer-webm: aa71ff27fc2769a1b78a27578f13a17b -> 
  custom:container-demuxer-webm: 4f35f7cbe854078d1ac9338744f61a02 -> 
  custom:video-encoder-webm-vp8: eb34c28f22e8b96e1ab97ce403110664 -> 
  custom:video-codec-MediaFoundation-h265: 746d11721c4dcdbdad8f713fa42b33f4 -> 
  custom:audio-encoder-webm-vorbis: bf7c407c2cedff20999df2af8eb42d56 -> 
  custom:framework-win-MediaFoundation: 216162199b28c13a410421893ffa2e32 -> 
  custom:container-demuxer-ogg: 62fdf1f143b41e24485cea50d1cbac27 -> 
  custom:video-decoder-webm-vp8: 9c59270c3fd7afecdb556c50c9e8de78 -> 
  custom:audio-decoder-ogg-vorbis: bf7c407c2cedff20999df2af8eb42d56 -> 
========================================================================
Received Import Request.
  Time since last request: 170.116197 seconds.
  path: Assets/Sprites/Materials/Shukas/arya 1.mat
  artifactKey: Guid(26e088d4f4c3e3f4abfaebcfd0eef4ff) Importer(815301076,1909f56bfc062723c751e8b465ee728b)
Start importing Assets/Sprites/Materials/Shukas/arya 1.mat using Guid(26e088d4f4c3e3f4abfaebcfd0eef4ff) Importer(815301076,1909f56bfc062723c751e8b465ee728b)  -> (artifact id: '62e3d5ee767ed3a5625814672765e1b1') in 0.208123 seconds 
========================================================================
Received Import Request.
  Time since last request: 0.000027 seconds.
  path: Assets/Sprites/Materials/Shukas/arya 3.mat
  artifactKey: Guid(d2cb9d062e0850841a8f6808b23b2254) Importer(815301076,1909f56bfc062723c751e8b465ee728b)
Start importing Assets/Sprites/Materials/Shukas/arya 3.mat using Guid(d2cb9d062e0850841a8f6808b23b2254) Importer(815301076,1909f56bfc062723c751e8b465ee728b)  -> (artifact id: '58560791db5b1af04a217fc268d5e4c8') in 0.037131 seconds 
========================================================================
Received Import Request.
  Time since last request: 1.499326 seconds.
  path: Assets/Sprites/Materials/Shukas/arya 4.mat
  artifactKey: Guid(65324153ef7b4194885033fdc636d730) Importer(815301076,1909f56bfc062723c751e8b465ee728b)
Start importing Assets/Sprites/Materials/Shukas/arya 4.mat using Guid(65324153ef7b4194885033fdc636d730) Importer(815301076,1909f56bfc062723c751e8b465ee728b)  -> (artifact id: '5aa4ff9f0b4e1e9bf0904e154570c919') in 0.025164 seconds 
========================================================================
Received Import Request.
  Time since last request: 13.172557 seconds.
  path: Assets/Sprites/Materials/Shukas/alfred.mat
  artifactKey: Guid(26e088d4f4c3e3f4abfaebcfd0eef4ff) Importer(815301076,1909f56bfc062723c751e8b465ee728b)
Start importing Assets/Sprites/Materials/Shukas/alfred.mat using Guid(26e088d4f4c3e3f4abfaebcfd0eef4ff) Importer(815301076,1909f56bfc062723c751e8b465ee728b)  -> (artifact id: '6ce8e9131edfc6e35f2d307a16bd24cc') in 0.023157 seconds 
========================================================================
Received Import Request.
  Time since last request: 20.938273 seconds.
  path: Assets/Sprites/Materials/Shukas/jeremy.mat
  artifactKey: Guid(6dc7f8ad37e2b874ea19f8e9ea816b3d) Importer(815301076,1909f56bfc062723c751e8b465ee728b)
Start importing Assets/Sprites/Materials/Shukas/jeremy.mat using Guid(6dc7f8ad37e2b874ea19f8e9ea816b3d) Importer(815301076,1909f56bfc062723c751e8b465ee728b)  -> (artifact id: '47746595b452e8010430b3e83d2503a5') in 0.024631 seconds 
========================================================================
Received Import Request.
  Time since last request: 7.497251 seconds.
  path: Assets/Sprites/Materials/Shukas/Melly.mat
  artifactKey: Guid(d2cb9d062e0850841a8f6808b23b2254) Importer(815301076,1909f56bfc062723c751e8b465ee728b)
Start importing Assets/Sprites/Materials/Shukas/Melly.mat using Guid(d2cb9d062e0850841a8f6808b23b2254) Importer(815301076,1909f56bfc062723c751e8b465ee728b)  -> (artifact id: '0980c1132aca195adc18297e887a13ff') in 0.026457 seconds 
========================================================================
Received Import Request.
  Time since last request: 5.550244 seconds.
  path: Assets/Sprites/Materials/Shukas/melly.mat
  artifactKey: Guid(d2cb9d062e0850841a8f6808b23b2254) Importer(815301076,1909f56bfc062723c751e8b465ee728b)
Start importing Assets/Sprites/Materials/Shukas/melly.mat using Guid(d2cb9d062e0850841a8f6808b23b2254) Importer(815301076,1909f56bfc062723c751e8b465ee728b)  -> (artifact id: '134d44c043c571d1ba4fccb06240e228') in 0.023509 seconds 
========================================================================
Received Import Request.
  Time since last request: 7.283887 seconds.
  path: Assets/Sprites/Materials/Shukas/Paul.mat
  artifactKey: Guid(65324153ef7b4194885033fdc636d730) Importer(815301076,1909f56bfc062723c751e8b465ee728b)
Start importing Assets/Sprites/Materials/Shukas/Paul.mat using Guid(65324153ef7b4194885033fdc636d730) Importer(815301076,1909f56bfc062723c751e8b465ee728b)  -> (artifact id: '67d8757ed97855d86453389bfe2d45bc') in 0.027061 seconds 
========================================================================
Received Import Request.
  Time since last request: 5.298352 seconds.
  path: Assets/Sprites/Materials/Shukas/paul.mat
  artifactKey: Guid(65324153ef7b4194885033fdc636d730) Importer(815301076,1909f56bfc062723c751e8b465ee728b)
Start importing Assets/Sprites/Materials/Shukas/paul.mat using Guid(65324153ef7b4194885033fdc636d730) Importer(815301076,1909f56bfc062723c751e8b465ee728b)  -> (artifact id: '04fa2644db0c5c326a02302685fc9a53') in 0.024882 seconds 
========================================================================
Received Import Request.
  Time since last request: 170.870536 seconds.
  path: Assets/Prefabs/Clients/Dia1/C.0.2.prefab
  artifactKey: Guid(5fa70e102f9ef634b9e3cf6632dd574b) Importer(815301076,1909f56bfc062723c751e8b465ee728b)
Start importing Assets/Prefabs/Clients/Dia1/C.0.2.prefab using Guid(5fa70e102f9ef634b9e3cf6632dd574b) Importer(815301076,1909f56bfc062723c751e8b465ee728b)  -> (artifact id: '7f4003002f043f26da927a838d1844ea') in 0.399475 seconds 
========================================================================
Received Import Request.
  Time since last request: 0.000056 seconds.
  path: Assets/Prefabs/Clients/Dia1/C.0.5.prefab
  artifactKey: Guid(689e1483dcdc275478249fa7ff59272b) Importer(815301076,1909f56bfc062723c751e8b465ee728b)
Start importing Assets/Prefabs/Clients/Dia1/C.0.5.prefab using Guid(689e1483dcdc275478249fa7ff59272b) Importer(815301076,1909f56bfc062723c751e8b465ee728b)  -> (artifact id: '775a38834f89ac7b3568cdf98cf935d5') in 0.056648 seconds 
========================================================================
Received Import Request.
  Time since last request: 79.473800 seconds.
  path: Assets/Prefabs/Clients/Dia1/C.0.0.prefab
  artifactKey: Guid(f824de04b65ae514daef646a7c967a2f) Importer(815301076,1909f56bfc062723c751e8b465ee728b)
Start importing Assets/Prefabs/Clients/Dia1/C.0.0.prefab using Guid(f824de04b65ae514daef646a7c967a2f) Importer(815301076,1909f56bfc062723c751e8b465ee728b)  -> (artifact id: 'd65866da1357e23d6ed036ca21e75474') in 0.198163 seconds 
========================================================================
Received Import Request.
  Time since last request: 68.358243 seconds.
  path: Assets/Prefabs/Clients/Dia1/C.0.1.prefab
  artifactKey: Guid(61ead9615ef45c44b8f36df560933639) Importer(815301076,1909f56bfc062723c751e8b465ee728b)
Start importing Assets/Prefabs/Clients/Dia1/C.0.1.prefab using Guid(61ead9615ef45c44b8f36df560933639) Importer(815301076,1909f56bfc062723c751e8b465ee728b)  -> (artifact id: '6ccf7e279785e4bc2b2a1f557de44d8a') in 0.019906 seconds 
========================================================================
Received Import Request.
  Time since last request: 13.382974 seconds.
  path: Assets/Sprites/Materials/Lacertilios/donald.mat
  artifactKey: Guid(dcfac6626d93867468db3b68629de828) Importer(815301076,1909f56bfc062723c751e8b465ee728b)
Start importing Assets/Sprites/Materials/Lacertilios/donald.mat using Guid(dcfac6626d93867468db3b68629de828) Importer(815301076,1909f56bfc062723c751e8b465ee728b)  -> (artifact id: 'f05c2a18053d6fc00c3fb696a85dc7d7') in 0.566506 seconds 
========================================================================
Received Import Request.
  Time since last request: 0.000028 seconds.
  path: Assets/Sprites/Materials/Lacertilios/mikai.mat
  artifactKey: Guid(785c6c36f21191045b9b710f1c5b8079) Importer(815301076,1909f56bfc062723c751e8b465ee728b)
Start importing Assets/Sprites/Materials/Lacertilios/mikai.mat using Guid(785c6c36f21191045b9b710f1c5b8079) Importer(815301076,1909f56bfc062723c751e8b465ee728b)  -> (artifact id: 'a933ddd1768ca909ac4955f07e58f868') in 0.218450 seconds 
========================================================================
Received Import Request.
  Time since last request: 8.379076 seconds.
  path: Assets/Prefabs/Clients/Dia1/C.0.2.prefab
  artifactKey: Guid(5fa70e102f9ef634b9e3cf6632dd574b) Importer(815301076,1909f56bfc062723c751e8b465ee728b)
Start importing Assets/Prefabs/Clients/Dia1/C.0.2.prefab using Guid(5fa70e102f9ef634b9e3cf6632dd574b) Importer(815301076,1909f56bfc062723c751e8b465ee728b)  -> (artifact id: '5b0fa1e404c386c3b31477a203df60ea') in 0.049067 seconds 
========================================================================
Received Import Request.
  Time since last request: 26.115141 seconds.
  path: Assets/Prefabs/Clients/Dia1/C.0.3.prefab
  artifactKey: Guid(93ab12b681fb70b43b19ee6d21e94cec) Importer(815301076,1909f56bfc062723c751e8b465ee728b)
Start importing Assets/Prefabs/Clients/Dia1/C.0.3.prefab using Guid(93ab12b681fb70b43b19ee6d21e94cec) Importer(815301076,1909f56bfc062723c751e8b465ee728b)  -> (artifact id: '7d23ec4ae96554380df7d978d6bcb989') in 0.170995 seconds 
========================================================================
Received Import Request.
  Time since last request: 57.881961 seconds.
  path: Assets/Prefabs/Clients/Dia1/C.0.5.prefab
  artifactKey: Guid(689e1483dcdc275478249fa7ff59272b) Importer(815301076,1909f56bfc062723c751e8b465ee728b)
Start importing Assets/Prefabs/Clients/Dia1/C.0.5.prefab using Guid(689e1483dcdc275478249fa7ff59272b) Importer(815301076,1909f56bfc062723c751e8b465ee728b)  -> (artifact id: 'c018f7d4bfc07f385cacb34fcda484a1') in 0.018870 seconds 
========================================================================
Received Import Request.
  Time since last request: 79.165923 seconds.
  path: Assets/Prefabs/Clients/Dia2/C.1.1.prefab
  artifactKey: Guid(a7b18be8070c60545be2c942075531fe) Importer(815301076,1909f56bfc062723c751e8b465ee728b)
Start importing Assets/Prefabs/Clients/Dia2/C.1.1.prefab using Guid(a7b18be8070c60545be2c942075531fe) Importer(815301076,1909f56bfc062723c751e8b465ee728b)  -> (artifact id: 'a741a5fb1e228ae1605e20ba458bbbde') in 0.037574 seconds 
========================================================================
Received Import Request.
  Time since last request: 38.135298 seconds.
  path: Assets/Sprites/Materials/Ichthys/caspian.mat
  artifactKey: Guid(86c28382cd1215240af780dab721623f) Importer(815301076,1909f56bfc062723c751e8b465ee728b)
Start importing Assets/Sprites/Materials/Ichthys/caspian.mat using Guid(86c28382cd1215240af780dab721623f) Importer(815301076,1909f56bfc062723c751e8b465ee728b)  -> (artifact id: 'b3e44c37fb10c447a9e1b24005eddfae') in 0.094882 seconds 
========================================================================
Received Import Request.
  Time since last request: 30.117721 seconds.
  path: Assets/Prefabs/Clients/Dia2/C.1.2.prefab
  artifactKey: Guid(fa8d557ca8747cd4f935c2d75476b6b5) Importer(815301076,1909f56bfc062723c751e8b465ee728b)
Start importing Assets/Prefabs/Clients/Dia2/C.1.2.prefab using Guid(fa8d557ca8747cd4f935c2d75476b6b5) Importer(815301076,1909f56bfc062723c751e8b465ee728b)  -> (artifact id: 'b8a0c2d770bbb7c103b2f528e5d1ffd3') in 0.113241 seconds 
========================================================================
Received Import Request.
  Time since last request: 12.772723 seconds.
  path: Assets/Prefabs/Clients/Dia2/C.1.3.prefab
  artifactKey: Guid(c03e7003db999d8419aa252c00c59ecb) Importer(815301076,1909f56bfc062723c751e8b465ee728b)
Start importing Assets/Prefabs/Clients/Dia2/C.1.3.prefab using Guid(c03e7003db999d8419aa252c00c59ecb) Importer(815301076,1909f56bfc062723c751e8b465ee728b)  -> (artifact id: 'd1f1e203b9e499be904ceb0982ebbb47') in 0.017859 seconds 
========================================================================
Received Import Request.
  Time since last request: 16.114590 seconds.
  path: Assets/Prefabs/Clients/Dia2/C.1.4.prefab
  artifactKey: Guid(1cfa8c49f28c76f4d94ad12cdbb0dedf) Importer(815301076,1909f56bfc062723c751e8b465ee728b)
Start importing Assets/Prefabs/Clients/Dia2/C.1.4.prefab using Guid(1cfa8c49f28c76f4d94ad12cdbb0dedf) Importer(815301076,1909f56bfc062723c751e8b465ee728b)  -> (artifact id: '7d060506f6769242d44230c8c882bcb8') in 0.175817 seconds 
========================================================================
Received Import Request.
  Time since last request: 111.909733 seconds.
  path: Assets/Sprites/Materials/Otros/bimintios.png
  artifactKey: Guid(8ba386e31926f41438ff0d5fc01fba36) Importer(815301076,1909f56bfc062723c751e8b465ee728b)
Start importing Assets/Sprites/Materials/Otros/bimintios.png using Guid(8ba386e31926f41438ff0d5fc01fba36) Importer(815301076,1909f56bfc062723c751e8b465ee728b)  -> (artifact id: '4a245cfe085cff343c042d82164911ef') in 0.149525 seconds 
========================================================================
Received Import Request.
  Time since last request: 27.779028 seconds.
  path: Assets/Sprites/Materials/Otros/donald.mat
  artifactKey: Guid(b9e29ff253be040448f28652bccea1df) Importer(815301076,1909f56bfc062723c751e8b465ee728b)
Start importing Assets/Sprites/Materials/Otros/donald.mat using Guid(b9e29ff253be040448f28652bccea1df) Importer(815301076,1909f56bfc062723c751e8b465ee728b)  -> (artifact id: '371d54c45a365bd8b0ffe8623654592d') in 0.118127 seconds 
========================================================================
Received Import Request.
  Time since last request: 0.177607 seconds.
  path: Assets/Sprites/Materials/Otros/donald 1.mat
  artifactKey: Guid(08dee5a0b6fd2314e88d262efb4a6349) Importer(815301076,1909f56bfc062723c751e8b465ee728b)
Start importing Assets/Sprites/Materials/Otros/donald 1.mat using Guid(08dee5a0b6fd2314e88d262efb4a6349) Importer(815301076,1909f56bfc062723c751e8b465ee728b)  -> (artifact id: '85a7fa7a8331c40464eded3c58eb4c82') in 0.022110 seconds 
========================================================================
Received Import Request.
  Time since last request: 10.337331 seconds.
  path: Assets/Sprites/Materials/Otros/bimintio.mat
  artifactKey: Guid(08dee5a0b6fd2314e88d262efb4a6349) Importer(815301076,1909f56bfc062723c751e8b465ee728b)
Start importing Assets/Sprites/Materials/Otros/bimintio.mat using Guid(08dee5a0b6fd2314e88d262efb4a6349) Importer(815301076,1909f56bfc062723c751e8b465ee728b)  -> (artifact id: '18cfbb330d61acdc7f3e954b537baa01') in 0.019911 seconds 
========================================================================
Received Import Request.
  Time since last request: 5.636730 seconds.
  path: Assets/Sprites/Materials/Otros/contrabandista.mat
  artifactKey: Guid(b9e29ff253be040448f28652bccea1df) Importer(815301076,1909f56bfc062723c751e8b465ee728b)
Start importing Assets/Sprites/Materials/Otros/contrabandista.mat using Guid(b9e29ff253be040448f28652bccea1df) Importer(815301076,1909f56bfc062723c751e8b465ee728b)  -> (artifact id: '04e9e9a9825f55f6e160033725acdf8f') in 0.021757 seconds 
========================================================================
Received Import Request.
  Time since last request: 19.303321 seconds.
  path: Assets/Prefabs/Clients/Dia2/C.1.0.prefab
  artifactKey: Guid(eb57afdfb1f8ba3479f7c45e017d5ead) Importer(815301076,1909f56bfc062723c751e8b465ee728b)
Start importing Assets/Prefabs/Clients/Dia2/C.1.0.prefab using Guid(eb57afdfb1f8ba3479f7c45e017d5ead) Importer(815301076,1909f56bfc062723c751e8b465ee728b)  -> (artifact id: 'bd726024d4b8ebf210d6d7c48ce7eb75') in 0.141553 seconds 
========================================================================
Received Import Request.
  Time since last request: 0.000032 seconds.
  path: Assets/Prefabs/Clients/Dia2/C.1.6.prefab
  artifactKey: Guid(7c06988408d79da41876fc8e83ccb02f) Importer(815301076,1909f56bfc062723c751e8b465ee728b)
Start importing Assets/Prefabs/Clients/Dia2/C.1.6.prefab using Guid(7c06988408d79da41876fc8e83ccb02f) Importer(815301076,1909f56bfc062723c751e8b465ee728b)  -> (artifact id: '1575d3bd4f0ae6bd8ed3e63ef40d1e06') in 0.036140 seconds 
========================================================================
Received Import Request.
  Time since last request: 0.000085 seconds.
  path: Assets/Prefabs/Clients/Dia2/C.1.5.prefab
  artifactKey: Guid(92e550fe7fd2b334bba0f40dd2641438) Importer(815301076,1909f56bfc062723c751e8b465ee728b)
Start importing Assets/Prefabs/Clients/Dia2/C.1.5.prefab using Guid(92e550fe7fd2b334bba0f40dd2641438) Importer(815301076,1909f56bfc062723c751e8b465ee728b)  -> (artifact id: '08d0e9b04c70387a1d2954970fa3c041') in 0.025148 seconds 
========================================================================
Received Import Request.
  Time since last request: 23.729231 seconds.
  path: Assets/Prefabs/Clients/Dia2/C.1.6.prefab
  artifactKey: Guid(7c06988408d79da41876fc8e83ccb02f) Importer(815301076,1909f56bfc062723c751e8b465ee728b)
Start importing Assets/Prefabs/Clients/Dia2/C.1.6.prefab using Guid(7c06988408d79da41876fc8e83ccb02f) Importer(815301076,1909f56bfc062723c751e8b465ee728b)  -> (artifact id: '0c6e6090be6f465717294ba742f52359') in 0.020914 seconds 
========================================================================
Received Import Request.
  Time since last request: 20.316050 seconds.
  path: Assets/Prefabs/Clients/Dia3/C.2.0.prefab
  artifactKey: Guid(3e920f57655ac6b4aba49c45d8d5554d) Importer(815301076,1909f56bfc062723c751e8b465ee728b)
Start importing Assets/Prefabs/Clients/Dia3/C.2.0.prefab using Guid(3e920f57655ac6b4aba49c45d8d5554d) Importer(815301076,1909f56bfc062723c751e8b465ee728b)  -> (artifact id: '1e26dcebd93ccfc253e9531c0ee56b7b') in 0.072659 seconds 
========================================================================
Received Import Request.
  Time since last request: 0.000111 seconds.
  path: Assets/Prefabs/Clients/Dia3/C.2.4.prefab
  artifactKey: Guid(3e3cbd8c5e4e10b4989ba32c5844167f) Importer(815301076,1909f56bfc062723c751e8b465ee728b)
Start importing Assets/Prefabs/Clients/Dia3/C.2.4.prefab using Guid(3e3cbd8c5e4e10b4989ba32c5844167f) Importer(815301076,1909f56bfc062723c751e8b465ee728b)  -> (artifact id: '7ceaf26bd028d1a2745d407b87de8885') in 0.025553 seconds 
========================================================================
Received Import Request.
  Time since last request: 0.000073 seconds.
  path: Assets/Prefabs/Clients/Dia3/C.2.3.prefab
  artifactKey: Guid(e61c941bb93589146b5c9ab7f9b3c805) Importer(815301076,1909f56bfc062723c751e8b465ee728b)
Start importing Assets/Prefabs/Clients/Dia3/C.2.3.prefab using Guid(e61c941bb93589146b5c9ab7f9b3c805) Importer(815301076,1909f56bfc062723c751e8b465ee728b)  -> (artifact id: 'b8bea9403657645a9268eb8b69cf2cd8') in 0.023330 seconds 
========================================================================
Received Import Request.
  Time since last request: 0.000039 seconds.
  path: Assets/Prefabs/Clients/Dia3/C.2.7.prefab
  artifactKey: Guid(c5d8aded227f1ff4c8d38e45d698a420) Importer(815301076,1909f56bfc062723c751e8b465ee728b)
Start importing Assets/Prefabs/Clients/Dia3/C.2.7.prefab using Guid(c5d8aded227f1ff4c8d38e45d698a420) Importer(815301076,1909f56bfc062723c751e8b465ee728b)  -> (artifact id: '2ad10b78a9bbce5eaff272a32bef64ab') in 0.078377 seconds 
========================================================================
Received Import Request.
  Time since last request: 22.401327 seconds.
  path: Assets/Prefabs/Clients/Dia3/C.2.2.prefab
  artifactKey: Guid(3c661ca6c2668064d9494843f91c5020) Importer(815301076,1909f56bfc062723c751e8b465ee728b)
Start importing Assets/Prefabs/Clients/Dia3/C.2.2.prefab using Guid(3c661ca6c2668064d9494843f91c5020) Importer(815301076,1909f56bfc062723c751e8b465ee728b)  -> (artifact id: '51b7a3ba53c805c91e95e66cc099eb12') in 0.022510 seconds 
========================================================================
Received Import Request.
  Time since last request: 37.053685 seconds.
  path: Assets/Sprites/Materials/Shukas/alfred.mat
  artifactKey: Guid(26e088d4f4c3e3f4abfaebcfd0eef4ff) Importer(815301076,1909f56bfc062723c751e8b465ee728b)
Start importing Assets/Sprites/Materials/Shukas/alfred.mat using Guid(26e088d4f4c3e3f4abfaebcfd0eef4ff) Importer(815301076,1909f56bfc062723c751e8b465ee728b)  -> (artifact id: 'b7ea08fc25f93c7d6bc3c6497f173383') in 0.167782 seconds 
========================================================================
Received Import Request.
  Time since last request: 0.000050 seconds.
  path: Assets/Sprites/Materials/Shukas/paul.mat
  artifactKey: Guid(65324153ef7b4194885033fdc636d730) Importer(815301076,1909f56bfc062723c751e8b465ee728b)
Start importing Assets/Sprites/Materials/Shukas/paul.mat using Guid(65324153ef7b4194885033fdc636d730) Importer(815301076,1909f56bfc062723c751e8b465ee728b)  -> (artifact id: 'b8e6ff0ce927dfbb3cdcb5c7bf87abc0') in 0.215218 seconds 
========================================================================
Received Import Request.
  Time since last request: 42.785965 seconds.
  path: Assets/Prefabs/Clients/Dia3/C.2.3.prefab
  artifactKey: Guid(e61c941bb93589146b5c9ab7f9b3c805) Importer(815301076,1909f56bfc062723c751e8b465ee728b)
Start importing Assets/Prefabs/Clients/Dia3/C.2.3.prefab using Guid(e61c941bb93589146b5c9ab7f9b3c805) Importer(815301076,1909f56bfc062723c751e8b465ee728b)  -> (artifact id: 'b38cd6566b315c2fbb52088f7946aa72') in 0.020717 seconds 
========================================================================
Received Import Request.
  Time since last request: 29.114685 seconds.
  path: Assets/Prefabs/Clients/Dia3/C.2.4.prefab
  artifactKey: Guid(3e3cbd8c5e4e10b4989ba32c5844167f) Importer(815301076,1909f56bfc062723c751e8b465ee728b)
Start importing Assets/Prefabs/Clients/Dia3/C.2.4.prefab using Guid(3e3cbd8c5e4e10b4989ba32c5844167f) Importer(815301076,1909f56bfc062723c751e8b465ee728b)  -> (artifact id: 'da4d5dcb8c8db97a643139e74ee3a04e') in 0.023056 seconds 
========================================================================
Received Import Request.
  Time since last request: 17.100800 seconds.
  path: Assets/Prefabs/Clients/Dia3/C.2.5.prefab
  artifactKey: Guid(362b0b101c5c24f449312b57d1ac7764) Importer(815301076,1909f56bfc062723c751e8b465ee728b)
Start importing Assets/Prefabs/Clients/Dia3/C.2.5.prefab using Guid(362b0b101c5c24f449312b57d1ac7764) Importer(815301076,1909f56bfc062723c751e8b465ee728b)  -> (artifact id: 'c917af01d4a8b133c09fc5ff4633156c') in 0.022157 seconds 
========================================================================
Received Import Request.
  Time since last request: 23.097395 seconds.
  path: Assets/Prefabs/Clients/Dia3/C.2.6.prefab
  artifactKey: Guid(84cc56fef12b5674ab000512783e2675) Importer(815301076,1909f56bfc062723c751e8b465ee728b)
Start importing Assets/Prefabs/Clients/Dia3/C.2.6.prefab using Guid(84cc56fef12b5674ab000512783e2675) Importer(815301076,1909f56bfc062723c751e8b465ee728b)  -> (artifact id: 'c8154c991f97e95f1f8cd35e3de5cd94') in 0.154057 seconds 
========================================================================
Received Import Request.
  Time since last request: 14.810092 seconds.
  path: Assets/Prefabs/Clients/Dia3/C.2.7.prefab
  artifactKey: Guid(c5d8aded227f1ff4c8d38e45d698a420) Importer(815301076,1909f56bfc062723c751e8b465ee728b)
Start importing Assets/Prefabs/Clients/Dia3/C.2.7.prefab using Guid(c5d8aded227f1ff4c8d38e45d698a420) Importer(815301076,1909f56bfc062723c751e8b465ee728b)  -> (artifact id: '272c89ae1f95b9c1ba99ab29b529f4e9') in 0.142934 seconds 
========================================================================
Received Import Request.
  Time since last request: 3.595810 seconds.
  path: Assets/Prefabs/Clients/Dia4/C.3.0.prefab
  artifactKey: Guid(71fe494aaffcc6345b97da9b8fc3e6b6) Importer(815301076,1909f56bfc062723c751e8b465ee728b)
Start importing Assets/Prefabs/Clients/Dia4/C.3.0.prefab using Guid(71fe494aaffcc6345b97da9b8fc3e6b6) Importer(815301076,1909f56bfc062723c751e8b465ee728b)  -> (artifact id: '5504ecfb2e3bddd4a5f0dd607725144b') in 0.100032 seconds 
========================================================================
Received Import Request.
  Time since last request: 0.000048 seconds.
  path: Assets/Prefabs/Clients/Dia4/C.3.4.prefab
  artifactKey: Guid(958faf14e7ee63f43bedce43e6ca0a8d) Importer(815301076,1909f56bfc062723c751e8b465ee728b)
Start importing Assets/Prefabs/Clients/Dia4/C.3.4.prefab using Guid(958faf14e7ee63f43bedce43e6ca0a8d) Importer(815301076,1909f56bfc062723c751e8b465ee728b)  -> (artifact id: '3d9cd834f56fcd230b111c439f2fb5f9') in 0.038544 seconds 
========================================================================
Received Import Request.
  Time since last request: 0.000138 seconds.
  path: Assets/Prefabs/Clients/Dia4/C.3.3.prefab
  artifactKey: Guid(2396da5fc58fc984fa8c76e3468b6234) Importer(815301076,1909f56bfc062723c751e8b465ee728b)
Start importing Assets/Prefabs/Clients/Dia4/C.3.3.prefab using Guid(2396da5fc58fc984fa8c76e3468b6234) Importer(815301076,1909f56bfc062723c751e8b465ee728b)  -> (artifact id: 'ce9d9059bbafcae559c8e14f9bbcf310') in 0.030654 seconds 
========================================================================
Received Import Request.
  Time since last request: 0.000047 seconds.
  path: Assets/Prefabs/Clients/Dia4/C.3.2.prefab
  artifactKey: Guid(ec82e31b2c1d58548ab32e171a291119) Importer(815301076,1909f56bfc062723c751e8b465ee728b)
Start importing Assets/Prefabs/Clients/Dia4/C.3.2.prefab using Guid(ec82e31b2c1d58548ab32e171a291119) Importer(815301076,1909f56bfc062723c751e8b465ee728b)  -> (artifact id: '566ce4f77af0bd67e1e26ec807e3d450') in 0.029432 seconds 
========================================================================
Received Import Request.
  Time since last request: 0.000039 seconds.
  path: Assets/Prefabs/Clients/Dia4/C.3.6.prefab
  artifactKey: Guid(0c34fb4f952ba764884cd8ed220a9bd3) Importer(815301076,1909f56bfc062723c751e8b465ee728b)
Start importing Assets/Prefabs/Clients/Dia4/C.3.6.prefab using Guid(0c34fb4f952ba764884cd8ed220a9bd3) Importer(815301076,1909f56bfc062723c751e8b465ee728b)  -> (artifact id: '71c329a69d246b350b3568ba810b8359') in 0.021680 seconds 
========================================================================
Received Import Request.
  Time since last request: 37.383300 seconds.
  path: Assets/Prefabs/Clients/Dia4/C.3.1.prefab
  artifactKey: Guid(4071c3e7b14345e4bbd9430ad44892b7) Importer(815301076,1909f56bfc062723c751e8b465ee728b)
Start importing Assets/Prefabs/Clients/Dia4/C.3.1.prefab using Guid(4071c3e7b14345e4bbd9430ad44892b7) Importer(815301076,1909f56bfc062723c751e8b465ee728b)  -> (artifact id: '654b9a16cdf983964600f91af93c2eab') in 0.029843 seconds 
========================================================================
Received Import Request.
  Time since last request: 19.473482 seconds.
  path: Assets/Prefabs/Clients/Dia4/C.3.2.prefab
  artifactKey: Guid(ec82e31b2c1d58548ab32e171a291119) Importer(815301076,1909f56bfc062723c751e8b465ee728b)
Start importing Assets/Prefabs/Clients/Dia4/C.3.2.prefab using Guid(ec82e31b2c1d58548ab32e171a291119) Importer(815301076,1909f56bfc062723c751e8b465ee728b)  -> (artifact id: '7b5830e1524a5290e9b96ccb0ea200e8') in 0.042315 seconds 
========================================================================
Received Import Request.
  Time since last request: 20.900954 seconds.
  path: Assets/Prefabs/Clients/Dia4/C.3.3.prefab
  artifactKey: Guid(2396da5fc58fc984fa8c76e3468b6234) Importer(815301076,1909f56bfc062723c751e8b465ee728b)
Start importing Assets/Prefabs/Clients/Dia4/C.3.3.prefab using Guid(2396da5fc58fc984fa8c76e3468b6234) Importer(815301076,1909f56bfc062723c751e8b465ee728b)  -> (artifact id: '983f2b341a975ee7cda0b0d5bc0de119') in 0.017709 seconds 
========================================================================
Received Import Request.
  Time since last request: 52.736908 seconds.
  path: Assets/Prefabs/Clients/Dia4/C.3.4.prefab
  artifactKey: Guid(958faf14e7ee63f43bedce43e6ca0a8d) Importer(815301076,1909f56bfc062723c751e8b465ee728b)
Start importing Assets/Prefabs/Clients/Dia4/C.3.4.prefab using Guid(958faf14e7ee63f43bedce43e6ca0a8d) Importer(815301076,1909f56bfc062723c751e8b465ee728b)  -> (artifact id: '8d6acc2037d17dbe568cca671b789bcc') in 0.018727 seconds 
========================================================================
Received Import Request.
  Time since last request: 16.089649 seconds.
  path: Assets/Prefabs/Clients/Dia4/C.3.5.prefab
  artifactKey: Guid(dfbdf06beae085a478d4bafc55256b16) Importer(815301076,1909f56bfc062723c751e8b465ee728b)
Start importing Assets/Prefabs/Clients/Dia4/C.3.5.prefab using Guid(dfbdf06beae085a478d4bafc55256b16) Importer(815301076,1909f56bfc062723c751e8b465ee728b)  -> (artifact id: 'f6c4e09d03ab9c4d71d5e92b80a3ef0d') in 0.051928 seconds 
========================================================================
Received Import Request.
  Time since last request: 35.931527 seconds.
  path: Assets/Prefabs/Clients/Dia4/C.3.7.prefab
  artifactKey: Guid(4af854617a12e9b4e82d6e90fadeef13) Importer(815301076,1909f56bfc062723c751e8b465ee728b)
Start importing Assets/Prefabs/Clients/Dia4/C.3.7.prefab using Guid(4af854617a12e9b4e82d6e90fadeef13) Importer(815301076,1909f56bfc062723c751e8b465ee728b)  -> (artifact id: 'fad0ba02ec7ab5484d066d565183589b') in 0.019089 seconds 
========================================================================
Received Import Request.
  Time since last request: 4.444557 seconds.
  path: Assets/Prefabs/Clients/Dia5/C.4.0.prefab
  artifactKey: Guid(a6d058673ab5c9c4ca2bb35d6d7b1c8e) Importer(815301076,1909f56bfc062723c751e8b465ee728b)
Start importing Assets/Prefabs/Clients/Dia5/C.4.0.prefab using Guid(a6d058673ab5c9c4ca2bb35d6d7b1c8e) Importer(815301076,1909f56bfc062723c751e8b465ee728b)  -> (artifact id: '788d9c2546da418b01e2ad1bc46e328a') in 0.047968 seconds 
========================================================================
Received Import Request.
  Time since last request: 0.000030 seconds.
  path: Assets/Prefabs/Clients/Dia5/C.4.2.prefab
  artifactKey: Guid(960d2b9b14d929d42b54d961e555c768) Importer(815301076,1909f56bfc062723c751e8b465ee728b)
Start importing Assets/Prefabs/Clients/Dia5/C.4.2.prefab using Guid(960d2b9b14d929d42b54d961e555c768) Importer(815301076,1909f56bfc062723c751e8b465ee728b)  -> (artifact id: '51ec4d8c5b56f31ffc4aa6112e250f5a') in 0.022499 seconds 
========================================================================
Received Import Request.
  Time since last request: 0.000034 seconds.
  path: Assets/Prefabs/Clients/Dia5/C.4.3.prefab
  artifactKey: Guid(092ab92973c712e44998498bbd7047c4) Importer(815301076,1909f56bfc062723c751e8b465ee728b)
Start importing Assets/Prefabs/Clients/Dia5/C.4.3.prefab using Guid(092ab92973c712e44998498bbd7047c4) Importer(815301076,1909f56bfc062723c751e8b465ee728b)  -> (artifact id: '3e6674773caa2b215199dd3f4992b323') in 0.015688 seconds 
========================================================================
Received Import Request.
  Time since last request: 0.000056 seconds.
  path: Assets/Prefabs/Clients/Dia5/C.4.4.prefab
  artifactKey: Guid(0d55f73d0dfbf224fa9a4c449e6d2123) Importer(815301076,1909f56bfc062723c751e8b465ee728b)
Start importing Assets/Prefabs/Clients/Dia5/C.4.4.prefab using Guid(0d55f73d0dfbf224fa9a4c449e6d2123) Importer(815301076,1909f56bfc062723c751e8b465ee728b)  -> (artifact id: '813e9b9e73133282ecb6ba9d92a066d7') in 0.046550 seconds 
========================================================================
Received Import Request.
  Time since last request: 0.000029 seconds.
  path: Assets/Prefabs/Clients/Dia5/C.4.5.prefab
  artifactKey: Guid(08297c7328d3ab146b2471bf566b0c12) Importer(815301076,1909f56bfc062723c751e8b465ee728b)
Start importing Assets/Prefabs/Clients/Dia5/C.4.5.prefab using Guid(08297c7328d3ab146b2471bf566b0c12) Importer(815301076,1909f56bfc062723c751e8b465ee728b)  -> (artifact id: '6a9796eaa721be35585dfb7ae58220da') in 0.031762 seconds 
========================================================================
Received Import Request.
  Time since last request: 0.000028 seconds.
  path: Assets/Prefabs/Clients/Dia5/C.4.6.prefab
  artifactKey: Guid(d2d3d06c0c24f354d9dce7477aaa6d01) Importer(815301076,1909f56bfc062723c751e8b465ee728b)
Start importing Assets/Prefabs/Clients/Dia5/C.4.6.prefab using Guid(d2d3d06c0c24f354d9dce7477aaa6d01) Importer(815301076,1909f56bfc062723c751e8b465ee728b)  -> (artifact id: 'b6407e54e295c0e091a1c387f153381b') in 0.035886 seconds 
========================================================================
Received Import Request.
  Time since last request: 154.608969 seconds.
  path: Assets/Prefabs/Clients/Dia6/C.5.1.prefab
  artifactKey: Guid(0c962b54916acd04abdcde59b5a6c862) Importer(815301076,1909f56bfc062723c751e8b465ee728b)
Start importing Assets/Prefabs/Clients/Dia6/C.5.1.prefab using Guid(0c962b54916acd04abdcde59b5a6c862) Importer(815301076,1909f56bfc062723c751e8b465ee728b)  -> (artifact id: '1792314f8f2078e3d1a04e40936ea81a') in 0.052801 seconds 
========================================================================
Received Import Request.
  Time since last request: 0.000051 seconds.
  path: Assets/Prefabs/Clients/Dia6/C.5.4.prefab
  artifactKey: Guid(b679d51876d97554b840cc64caceb7ff) Importer(815301076,1909f56bfc062723c751e8b465ee728b)
Start importing Assets/Prefabs/Clients/Dia6/C.5.4.prefab using Guid(b679d51876d97554b840cc64caceb7ff) Importer(815301076,1909f56bfc062723c751e8b465ee728b)  -> (artifact id: 'ae793b2875a50113c5c6a4b6f94de87b') in 0.021342 seconds 
========================================================================
Received Import Request.
  Time since last request: 0.000038 seconds.
  path: Assets/Prefabs/Clients/Dia6/C.5.6.prefab
  artifactKey: Guid(c4d98fdde98d0524ca8f263a8958dcb4) Importer(815301076,1909f56bfc062723c751e8b465ee728b)
Start importing Assets/Prefabs/Clients/Dia6/C.5.6.prefab using Guid(c4d98fdde98d0524ca8f263a8958dcb4) Importer(815301076,1909f56bfc062723c751e8b465ee728b)  -> (artifact id: 'f1562ea1e44092562ca30ac6adf648d1') in 0.020868 seconds 
========================================================================
Received Import Request.
  Time since last request: 0.000184 seconds.
  path: Assets/Prefabs/Clients/Dia6/C.5.2.prefab
  artifactKey: Guid(2d53e8b0156c5fb49b8db151d84b8f9d) Importer(815301076,1909f56bfc062723c751e8b465ee728b)
Start importing Assets/Prefabs/Clients/Dia6/C.5.2.prefab using Guid(2d53e8b0156c5fb49b8db151d84b8f9d) Importer(815301076,1909f56bfc062723c751e8b465ee728b)  -> (artifact id: 'd581a6adba3483c5683712b2c016e1fc') in 0.020816 seconds 
Editor requested this worker to shutdown with reason: Scaling down because of idle timeout
AssetImportWorker is now disconnected from the server
Process exiting
Exiting without the bug reporter. Application will terminate with return code 0